\BOOKMARK [1][-]{section.1}{Preface}{}% 1
\BOOKMARK [2][-]{subsection.1.1}{Introduction}{section.1}% 2
\BOOKMARK [2][-]{subsection.1.2}{Big Picture}{section.1}% 3
\BOOKMARK [2][-]{subsection.1.3}{Objectives}{section.1}% 4
\BOOKMARK [2][-]{subsection.1.4}{Specifications}{section.1}% 5
\BOOKMARK [2][-]{subsection.1.5}{Management}{section.1}% 6
\BOOKMARK [1][-]{section.2}{Analyses}{}% 7
\BOOKMARK [2][-]{subsection.2.1}{Blockchains}{section.2}% 8
\BOOKMARK [3][-]{subsubsection.2.1.1}{Worth it?}{subsection.2.1}% 9
\BOOKMARK [3][-]{subsubsection.2.1.2}{What's next in crypto-currency?}{subsection.2.1}% 10
\BOOKMARK [3][-]{subsubsection.2.1.3}{Predicted evolution in blockchains}{subsection.2.1}% 11
\BOOKMARK [3][-]{subsubsection.2.1.4}{Proof-of-Work}{subsection.2.1}% 12
\BOOKMARK [3][-]{subsubsection.2.1.5}{Proof-of-Stake}{subsection.2.1}% 13
\BOOKMARK [3][-]{subsubsection.2.1.6}{Attacks on blockchains}{subsection.2.1}% 14
\BOOKMARK [2][-]{subsection.2.2}{Proof of Activity}{section.2}% 15
\BOOKMARK [2][-]{subsection.2.3}{Communication}{section.2}% 16
\BOOKMARK [3][-]{subsubsection.2.3.1}{WebRTC}{subsection.2.3}% 17
\BOOKMARK [3][-]{subsubsection.2.3.2}{What about Overclouds?}{subsection.2.3}% 18
\BOOKMARK [2][-]{subsection.2.4}{Cryptography}{section.2}% 19
\BOOKMARK [3][-]{subsubsection.2.4.1}{From Scratch VS Libraries}{subsection.2.4}% 20
\BOOKMARK [3][-]{subsubsection.2.4.2}{Comparison of some JavaScript Cryptography Libraries}{subsection.2.4}% 21
\BOOKMARK [3][-]{subsubsection.2.4.3}{A killer}{subsection.2.4}% 22
\BOOKMARK [3][-]{subsubsection.2.4.4}{Now what}{subsection.2.4}% 23
\BOOKMARK [3][-]{subsubsection.2.4.5}{What about OverClouds}{subsection.2.4}% 24
\BOOKMARK [3][-]{subsubsection.2.4.6}{Special Mention}{subsection.2.4}% 25
\BOOKMARK [2][-]{subsection.2.5}{Consensus}{section.2}% 26
\BOOKMARK [3][-]{subsubsection.2.5.1}{Consensus != Blockchains}{subsection.2.5}% 27
\BOOKMARK [3][-]{subsubsection.2.5.2}{Overclouds Consensus Concept}{subsection.2.5}% 28
\BOOKMARK [2][-]{subsection.2.6}{Storage}{section.2}% 29
\BOOKMARK [3][-]{subsubsection.2.6.1}{Content Management}{subsection.2.6}% 30
\BOOKMARK [3][-]{subsubsection.2.6.2}{Data Tribunal}{subsection.2.6}% 31
\BOOKMARK [3][-]{subsubsection.2.6.3}{Data Sharing}{subsection.2.6}% 32
\BOOKMARK [3][-]{subsubsection.2.6.4}{Existing solutions}{subsection.2.6}% 33
\BOOKMARK [3][-]{subsubsection.2.6.5}{Overclouds Storage solution}{subsection.2.6}% 34
\BOOKMARK [2][-]{subsection.2.7}{Global Architecture}{section.2}% 35
\BOOKMARK [3][-]{subsubsection.2.7.1}{Consensus-driven}{subsection.2.7}% 36
\BOOKMARK [3][-]{subsubsection.2.7.2}{User}{subsection.2.7}% 37
\BOOKMARK [3][-]{subsubsection.2.7.3}{Identities}{subsection.2.7}% 38
\BOOKMARK [3][-]{subsubsection.2.7.4}{Node}{subsection.2.7}% 39
\BOOKMARK [3][-]{subsubsection.2.7.5}{OC Blockchain}{subsection.2.7}% 40
\BOOKMARK [3][-]{subsubsection.2.7.6}{Gateway}{subsection.2.7}% 41
\BOOKMARK [3][-]{subsubsection.2.7.7}{OC Contract}{subsection.2.7}% 42
\BOOKMARK [3][-]{subsubsection.2.7.8}{Community Contracts}{subsection.2.7}% 43
\BOOKMARK [3][-]{subsubsection.2.7.9}{Proof of Participation}{subsection.2.7}% 44
\BOOKMARK [2][-]{subsection.2.8}{Webgate Architecture}{section.2}% 45
\BOOKMARK [3][-]{subsubsection.2.8.1}{User}{subsection.2.8}% 46
\BOOKMARK [3][-]{subsubsection.2.8.2}{Background}{subsection.2.8}% 47
\BOOKMARK [3][-]{subsubsection.2.8.3}{Webapps}{subsection.2.8}% 48
\BOOKMARK [3][-]{subsubsection.2.8.4}{Webgate features}{subsection.2.8}% 49
\BOOKMARK [1][-]{section.3}{Implementations}{}% 50
\BOOKMARK [2][-]{subsection.3.1}{Consensus}{section.3}% 51
\BOOKMARK [3][-]{subsubsection.3.1.1}{Docker Deployement}{subsection.3.1}% 52
\BOOKMARK [2][-]{subsection.3.2}{Webgate}{section.3}% 53
\BOOKMARK [3][-]{subsubsection.3.2.1}{Build and Deployement}{subsection.3.2}% 54
\BOOKMARK [1][-]{section.4}{Results}{}% 55
\BOOKMARK [2][-]{subsection.4.1}{Consensus}{section.4}% 56
\BOOKMARK [2][-]{subsection.4.2}{Webgate}{section.4}% 57
\BOOKMARK [2][-]{subsection.4.3}{Iterations}{section.4}% 58
\BOOKMARK [2][-]{subsection.4.4}{Webgate UI}{section.4}% 59
\BOOKMARK [1][-]{section.5}{Conclusion}{}% 60
\BOOKMARK [1][-]{section.6}{Bibliography}{}% 61
\BOOKMARK [1][-]{section.7}{Annexes}{}% 62
\BOOKMARK [2][-]{subsection.7.1}{State of the Art}{section.7}% 63
\BOOKMARK [3][-]{subsubsection.7.1.1}{Similar products}{subsection.7.1}% 64
\BOOKMARK [3][-]{subsubsection.7.1.2}{Existing Networks}{subsection.7.1}% 65
\BOOKMARK [3][-]{subsubsection.7.1.3}{Transfer Protocols}{subsection.7.1}% 66
\BOOKMARK [3][-]{subsubsection.7.1.4}{Protections}{subsection.7.1}% 67
\BOOKMARK [3][-]{subsubsection.7.1.5}{Cryptography}{subsection.7.1}% 68
\BOOKMARK [3][-]{subsubsection.7.1.6}{Hardware}{subsection.7.1}% 69
\BOOKMARK [3][-]{subsubsection.7.1.7}{Blockchains}{subsection.7.1}% 70
\BOOKMARK [3][-]{subsubsection.7.1.8}{Decentralized applications}{subsection.7.1}% 71
\BOOKMARK [3][-]{subsubsection.7.1.9}{Reputation Management}{subsection.7.1}% 72
\BOOKMARK [3][-]{subsubsection.7.1.10}{Operating Systems}{subsection.7.1}% 73
\BOOKMARK [3][-]{subsubsection.7.1.11}{Technologies}{subsection.7.1}% 74
\BOOKMARK [3][-]{subsubsection.7.1.12}{Other}{subsection.7.1}% 75
\BOOKMARK [2][-]{subsection.7.2}{Architectures}{section.7}% 76
\BOOKMARK [2][-]{subsection.7.3}{Concepts}{section.7}% 77
\BOOKMARK [2][-]{subsection.7.4}{Schemes}{section.7}% 78
\BOOKMARK [2][-]{subsection.7.5}{Screenshots}{section.7}% 79
\BOOKMARK [2][-]{subsection.7.6}{Graphs}{section.7}% 80
\BOOKMARK [2][-]{subsection.7.7}{Tables}{section.7}% 81
