This is pdfTeX, Version 3.14159265-2.6-1.40.16 (TeX Live 2015) (preloaded format=pdflatex 2015.12.11)  29 JUL 2016 16:47
entering extended mode
 restricted \write18 enabled.
 file:line:error style messages enabled.
 %&-line parsing enabled.
**main.tex
(./main.tex
LaTeX2e <2015/01/01>
Babel <3.9l> and hyphenation patterns for 79 languages loaded.
(/usr/local/texlive/2015/texmf-dist/tex/latex/base/article.cls
Document Class: article 2014/09/29 v1.4h Standard LaTeX document class
(/usr/local/texlive/2015/texmf-dist/tex/latex/base/size12.clo
File: size12.clo 2014/09/29 v1.4h Standard LaTeX file (size option)
)
\c@part=\count79
\c@section=\count80
\c@subsection=\count81
\c@subsubsection=\count82
\c@paragraph=\count83
\c@subparagraph=\count84
\c@figure=\count85
\c@table=\count86
\abovecaptionskip=\skip41
\belowcaptionskip=\skip42
\bibindent=\dimen102
) (/usr/local/texlive/2015/texmf-dist/tex/generic/babel/babel.sty
Package: babel 2014/09/25 3.9l The Babel package
 (/usr/local/texlive/2015/texmf-dist/tex/generic/babel-english/english.ldf
Language: english 2012/08/20 v3.3p English support from the babel system
 (/usr/local/texlive/2015/texmf-dist/tex/generic/babel/babel.def
File: babel.def 2014/09/25 3.9l Babel common definitions
\babel@savecnt=\count87
\U@D=\dimen103
)
\l@canadian = a dialect from \language\l@american 
\l@australian = a dialect from \language\l@british 
\l@newzealand = a dialect from \language\l@british 
)) (/usr/local/texlive/2015/texmf-dist/tex/latex/base/inputenc.sty
Package: inputenc 2015/03/17 v1.2c Input encoding file
\inpenc@prehook=\toks14
\inpenc@posthook=\toks15
 (/usr/local/texlive/2015/texmf-dist/tex/latex/ucs/utf8x.def
File: utf8x.def 2004/10/17 UCS: Input encoding UTF-8
)) (/usr/local/texlive/2015/texmf-dist/tex/latex/ucs/ucs.sty
Package: ucs 2013/05/11 v2.2 UCS: Unicode input support
 (/usr/local/texlive/2015/texmf-dist/tex/latex/ucs/data/uni-global.def
File: uni-global.def 2013/05/13 UCS: Unicode global data
)
\uc@secondtry=\count88
\uc@combtoks=\toks16
\uc@combtoksb=\toks17
\uc@temptokena=\toks18
) (/usr/local/texlive/2015/texmf-dist/tex/latex/amsmath/amsmath.sty
Package: amsmath 2013/01/14 v2.14 AMS math features
\@mathmargin=\skip43

For additional information on amsmath, use the `?' option.
(/usr/local/texlive/2015/texmf-dist/tex/latex/amsmath/amstext.sty
Package: amstext 2000/06/29 v2.01
 (/usr/local/texlive/2015/texmf-dist/tex/latex/amsmath/amsgen.sty
File: amsgen.sty 1999/11/30 v2.0
\@emptytoks=\toks19
\ex@=\dimen104
)) (/usr/local/texlive/2015/texmf-dist/tex/latex/amsmath/amsbsy.sty
Package: amsbsy 1999/11/29 v1.2d
\pmbraise@=\dimen105
) (/usr/local/texlive/2015/texmf-dist/tex/latex/amsmath/amsopn.sty
Package: amsopn 1999/12/14 v2.01 operator names
)
\inf@bad=\count89
LaTeX Info: Redefining \frac on input line 210.
\uproot@=\count90
\leftroot@=\count91
LaTeX Info: Redefining \overline on input line 306.
\classnum@=\count92
\DOTSCASE@=\count93
LaTeX Info: Redefining \ldots on input line 378.
LaTeX Info: Redefining \dots on input line 381.
LaTeX Info: Redefining \cdots on input line 466.
\Mathstrutbox@=\box26
\strutbox@=\box27
\big@size=\dimen106
LaTeX Font Info:    Redeclaring font encoding OML on input line 566.
LaTeX Font Info:    Redeclaring font encoding OMS on input line 567.
\macc@depth=\count94
\c@MaxMatrixCols=\count95
\dotsspace@=\muskip10
\c@parentequation=\count96
\dspbrk@lvl=\count97
\tag@help=\toks20
\row@=\count98
\column@=\count99
\maxfields@=\count100
\andhelp@=\toks21
\eqnshift@=\dimen107
\alignsep@=\dimen108
\tagshift@=\dimen109
\tagwidth@=\dimen110
\totwidth@=\dimen111
\lineht@=\dimen112
\@envbody=\toks22
\multlinegap=\skip44
\multlinetaggap=\skip45
\mathdisplay@stack=\toks23
LaTeX Info: Redefining \[ on input line 2665.
LaTeX Info: Redefining \] on input line 2666.
) (/usr/local/texlive/2015/texmf-dist/tex/latex/graphics/graphicx.sty
Package: graphicx 2014/10/28 v1.0g Enhanced LaTeX Graphics (DPC,SPQR)
 (/usr/local/texlive/2015/texmf-dist/tex/latex/graphics/keyval.sty
Package: keyval 2014/10/28 v1.15 key=value parser (DPC)
\KV@toks@=\toks24
) (/usr/local/texlive/2015/texmf-dist/tex/latex/graphics/graphics.sty
Package: graphics 2014/10/28 v1.0p Standard LaTeX Graphics (DPC,SPQR)
 (/usr/local/texlive/2015/texmf-dist/tex/latex/graphics/trig.sty
Package: trig 1999/03/16 v1.09 sin cos tan (DPC)
) (/usr/local/texlive/2015/texmf-dist/tex/latex/latexconfig/graphics.cfg
File: graphics.cfg 2010/04/23 v1.9 graphics configuration of TeX Live
)
Package graphics Info: Driver file: pdftex.def on input line 94.
 (/usr/local/texlive/2015/texmf-dist/tex/latex/pdftex-def/pdftex.def
File: pdftex.def 2011/05/27 v0.06d Graphics/color for pdfTeX
 (/usr/local/texlive/2015/texmf-dist/tex/generic/oberdiek/infwarerr.sty
Package: infwarerr 2010/04/08 v1.3 Providing info/warning/error messages (HO)
) (/usr/local/texlive/2015/texmf-dist/tex/generic/oberdiek/ltxcmds.sty
Package: ltxcmds 2011/11/09 v1.22 LaTeX kernel commands for general use (HO)
)
\Gread@gobject=\count101
))
\Gin@req@height=\dimen113
\Gin@req@width=\dimen114
) (/usr/local/texlive/2015/texmf-dist/tex/latex/todonotes/todonotes.sty
Package: todonotes 2012/07/25 .dtx Todonotes source and documentation.
Package: todonotes 2012/07/25
 (/usr/local/texlive/2015/texmf-dist/tex/latex/base/ifthen.sty
Package: ifthen 2014/09/29 v1.1c Standard LaTeX ifthen package (DPC)
) (/usr/local/texlive/2015/texmf-dist/tex/latex/xkeyval/xkeyval.sty
Package: xkeyval 2014/12/03 v2.7a package option processing (HA)
 (/usr/local/texlive/2015/texmf-dist/tex/generic/xkeyval/xkeyval.tex (/usr/local/texlive/2015/texmf-dist/tex/generic/xkeyval/xkvutils.tex
\XKV@toks=\toks25
\XKV@tempa@toks=\toks26
)
\XKV@depth=\count102
File: xkeyval.tex 2014/12/03 v2.7a key=value parser (HA)
)) (/usr/local/texlive/2015/texmf-dist/tex/latex/xcolor/xcolor.sty
Package: xcolor 2007/01/21 v2.11 LaTeX color extensions (UK)
 (/usr/local/texlive/2015/texmf-dist/tex/latex/latexconfig/color.cfg
File: color.cfg 2007/01/18 v1.5 color configuration of teTeX/TeXLive
)
Package xcolor Info: Driver file: pdftex.def on input line 225.
Package xcolor Info: Model `cmy' substituted by `cmy0' on input line 1337.
Package xcolor Info: Model `hsb' substituted by `rgb' on input line 1341.
Package xcolor Info: Model `RGB' extended on input line 1353.
Package xcolor Info: Model `HTML' substituted by `rgb' on input line 1355.
Package xcolor Info: Model `Hsb' substituted by `hsb' on input line 1356.
Package xcolor Info: Model `tHsb' substituted by `hsb' on input line 1357.
Package xcolor Info: Model `HSB' substituted by `hsb' on input line 1358.
Package xcolor Info: Model `Gray' substituted by `gray' on input line 1359.
Package xcolor Info: Model `wave' substituted by `hsb' on input line 1360.
) (/usr/local/texlive/2015/texmf-dist/tex/latex/pgf/frontendlayer/tikz.sty (/usr/local/texlive/2015/texmf-dist/tex/latex/pgf/basiclayer/pgf.sty (/usr/local/texlive/2015/texmf-dist/tex/latex/pgf/utilities/pgfrcs.sty (/usr/local/texlive/2015/texmf-dist/tex/generic/pgf/utilities/pgfutil-common.tex
\pgfutil@everybye=\toks27
\pgfutil@tempdima=\dimen115
\pgfutil@tempdimb=\dimen116
 (/usr/local/texlive/2015/texmf-dist/tex/generic/pgf/utilities/pgfutil-common-lists.tex)) (/usr/local/texlive/2015/texmf-dist/tex/generic/pgf/utilities/pgfutil-latex.def
\pgfutil@abb=\box28
 (/usr/local/texlive/2015/texmf-dist/tex/latex/ms/everyshi.sty
Package: everyshi 2001/05/15 v3.00 EveryShipout Package (MS)
)) (/usr/local/texlive/2015/texmf-dist/tex/generic/pgf/utilities/pgfrcs.code.tex
Package: pgfrcs 2013/12/20 v3.0.0 (rcs-revision 1.28)
))
Package: pgf 2013/12/18 v3.0.0 (rcs-revision 1.14)
 (/usr/local/texlive/2015/texmf-dist/tex/latex/pgf/basiclayer/pgfcore.sty (/usr/local/texlive/2015/texmf-dist/tex/latex/pgf/systemlayer/pgfsys.sty
(/usr/local/texlive/2015/texmf-dist/tex/generic/pgf/systemlayer/pgfsys.code.tex
Package: pgfsys 2013/11/30 v3.0.0 (rcs-revision 1.47)
 (/usr/local/texlive/2015/texmf-dist/tex/generic/pgf/utilities/pgfkeys.code.tex
\pgfkeys@pathtoks=\toks28
\pgfkeys@temptoks=\toks29
 (/usr/local/texlive/2015/texmf-dist/tex/generic/pgf/utilities/pgfkeysfiltered.code.tex
\pgfkeys@tmptoks=\toks30
))
\pgf@x=\dimen117
\pgf@y=\dimen118
\pgf@xa=\dimen119
\pgf@ya=\dimen120
\pgf@xb=\dimen121
\pgf@yb=\dimen122
\pgf@xc=\dimen123
\pgf@yc=\dimen124
\w@pgf@writea=\write3
\r@pgf@reada=\read1
\c@pgf@counta=\count103
\c@pgf@countb=\count104
\c@pgf@countc=\count105
\c@pgf@countd=\count106
\t@pgf@toka=\toks31
\t@pgf@tokb=\toks32
\t@pgf@tokc=\toks33
 (/usr/local/texlive/2015/texmf-dist/tex/generic/pgf/systemlayer/pgf.cfg
File: pgf.cfg 2008/05/14  (rcs-revision 1.7)
)
Driver file for pgf: pgfsys-pdftex.def
 (/usr/local/texlive/2015/texmf-dist/tex/generic/pgf/systemlayer/pgfsys-pdftex.def
File: pgfsys-pdftex.def 2013/07/18  (rcs-revision 1.33)
 (/usr/local/texlive/2015/texmf-dist/tex/generic/pgf/systemlayer/pgfsys-common-pdf.def
File: pgfsys-common-pdf.def 2013/10/10  (rcs-revision 1.13)
))) (/usr/local/texlive/2015/texmf-dist/tex/generic/pgf/systemlayer/pgfsyssoftpath.code.tex
File: pgfsyssoftpath.code.tex 2013/09/09  (rcs-revision 1.9)
\pgfsyssoftpath@smallbuffer@items=\count107
\pgfsyssoftpath@bigbuffer@items=\count108
) (/usr/local/texlive/2015/texmf-dist/tex/generic/pgf/systemlayer/pgfsysprotocol.code.tex
File: pgfsysprotocol.code.tex 2006/10/16  (rcs-revision 1.4)
)) (/usr/local/texlive/2015/texmf-dist/tex/generic/pgf/basiclayer/pgfcore.code.tex
Package: pgfcore 2010/04/11 v3.0.0 (rcs-revision 1.7)
 (/usr/local/texlive/2015/texmf-dist/tex/generic/pgf/math/pgfmath.code.tex (/usr/local/texlive/2015/texmf-dist/tex/generic/pgf/math/pgfmathcalc.code.tex (/usr/local/texlive/2015/texmf-dist/tex/generic/pgf/math/pgfmathutil.code.tex) (/usr/local/texlive/2015/texmf-dist/tex/generic/pgf/math/pgfmathparser.code.tex
\pgfmath@dimen=\dimen125
\pgfmath@count=\count109
\pgfmath@box=\box29
\pgfmath@toks=\toks34
\pgfmath@stack@operand=\toks35
\pgfmath@stack@operation=\toks36
) (/usr/local/texlive/2015/texmf-dist/tex/generic/pgf/math/pgfmathfunctions.code.tex (/usr/local/texlive/2015/texmf-dist/tex/generic/pgf/math/pgfmathfunctions.basic.code.tex) (/usr/local/texlive/2015/texmf-dist/tex/generic/pgf/math/pgfmathfunctions.trigonometric.code.tex) (/usr/local/texlive/2015/texmf-dist/tex/generic/pgf/math/pgfmathfunctions.random.code.tex) (/usr/local/texlive/2015/texmf-dist/tex/generic/pgf/math/pgfmathfunctions.comparison.code.tex) (/usr/local/texlive/2015/texmf-dist/tex/generic/pgf/math/pgfmathfunctions.base.code.tex) (/usr/local/texlive/2015/texmf-dist/tex/generic/pgf/math/pgfmathfunctions.round.code.tex) (/usr/local/texlive/2015/texmf-dist/tex/generic/pgf/math/pgfmathfunctions.misc.code.tex) (/usr/local/texlive/2015/texmf-dist/tex/generic/pgf/math/pgfmathfunctions.integerarithmetics.code.tex))) (/usr/local/texlive/2015/texmf-dist/tex/generic/pgf/math/pgfmathfloat.code.tex
\c@pgfmathroundto@lastzeros=\count110
))
(/usr/local/texlive/2015/texmf-dist/tex/generic/pgf/basiclayer/pgfcorepoints.code.tex
File: pgfcorepoints.code.tex 2013/10/07  (rcs-revision 1.27)
\pgf@picminx=\dimen126
\pgf@picmaxx=\dimen127
\pgf@picminy=\dimen128
\pgf@picmaxy=\dimen129
\pgf@pathminx=\dimen130
\pgf@pathmaxx=\dimen131
\pgf@pathminy=\dimen132
\pgf@pathmaxy=\dimen133
\pgf@xx=\dimen134
\pgf@xy=\dimen135
\pgf@yx=\dimen136
\pgf@yy=\dimen137
\pgf@zx=\dimen138
\pgf@zy=\dimen139
) (/usr/local/texlive/2015/texmf-dist/tex/generic/pgf/basiclayer/pgfcorepathconstruct.code.tex
File: pgfcorepathconstruct.code.tex 2013/10/07  (rcs-revision 1.29)
\pgf@path@lastx=\dimen140
\pgf@path@lasty=\dimen141
) (/usr/local/texlive/2015/texmf-dist/tex/generic/pgf/basiclayer/pgfcorepathusage.code.tex
File: pgfcorepathusage.code.tex 2013/12/13  (rcs-revision 1.23)
\pgf@shorten@end@additional=\dimen142
\pgf@shorten@start@additional=\dimen143
) (/usr/local/texlive/2015/texmf-dist/tex/generic/pgf/basiclayer/pgfcorescopes.code.tex
File: pgfcorescopes.code.tex 2013/10/09  (rcs-revision 1.44)
\pgfpic=\box30
\pgf@hbox=\box31
\pgf@layerbox@main=\box32
\pgf@picture@serial@count=\count111
) (/usr/local/texlive/2015/texmf-dist/tex/generic/pgf/basiclayer/pgfcoregraphicstate.code.tex
File: pgfcoregraphicstate.code.tex 2013/09/19  (rcs-revision 1.11)
\pgflinewidth=\dimen144
) (/usr/local/texlive/2015/texmf-dist/tex/generic/pgf/basiclayer/pgfcoretransformations.code.tex
File: pgfcoretransformations.code.tex 2013/10/10  (rcs-revision 1.17)
\pgf@pt@x=\dimen145
\pgf@pt@y=\dimen146
\pgf@pt@temp=\dimen147
) (/usr/local/texlive/2015/texmf-dist/tex/generic/pgf/basiclayer/pgfcorequick.code.tex
File: pgfcorequick.code.tex 2008/10/09  (rcs-revision 1.3)
) (/usr/local/texlive/2015/texmf-dist/tex/generic/pgf/basiclayer/pgfcoreobjects.code.tex
File: pgfcoreobjects.code.tex 2006/10/11  (rcs-revision 1.2)
) (/usr/local/texlive/2015/texmf-dist/tex/generic/pgf/basiclayer/pgfcorepathprocessing.code.tex
File: pgfcorepathprocessing.code.tex 2013/09/09  (rcs-revision 1.9)
) (/usr/local/texlive/2015/texmf-dist/tex/generic/pgf/basiclayer/pgfcorearrows.code.tex
File: pgfcorearrows.code.tex 2013/11/07  (rcs-revision 1.40)
\pgfarrowsep=\dimen148
) (/usr/local/texlive/2015/texmf-dist/tex/generic/pgf/basiclayer/pgfcoreshade.code.tex
File: pgfcoreshade.code.tex 2013/07/15  (rcs-revision 1.15)
\pgf@max=\dimen149
\pgf@sys@shading@range@num=\count112
) (/usr/local/texlive/2015/texmf-dist/tex/generic/pgf/basiclayer/pgfcoreimage.code.tex
File: pgfcoreimage.code.tex 2013/07/15  (rcs-revision 1.18)
 (/usr/local/texlive/2015/texmf-dist/tex/generic/pgf/basiclayer/pgfcoreexternal.code.tex
File: pgfcoreexternal.code.tex 2013/07/15  (rcs-revision 1.20)
\pgfexternal@startupbox=\box33
)) (/usr/local/texlive/2015/texmf-dist/tex/generic/pgf/basiclayer/pgfcorelayers.code.tex
File: pgfcorelayers.code.tex 2013/07/18  (rcs-revision 1.7)
) (/usr/local/texlive/2015/texmf-dist/tex/generic/pgf/basiclayer/pgfcoretransparency.code.tex
File: pgfcoretransparency.code.tex 2013/09/30  (rcs-revision 1.5)
) (/usr/local/texlive/2015/texmf-dist/tex/generic/pgf/basiclayer/pgfcorepatterns.code.tex
File: pgfcorepatterns.code.tex 2013/11/07  (rcs-revision 1.5)
))) (/usr/local/texlive/2015/texmf-dist/tex/generic/pgf/modules/pgfmoduleshapes.code.tex
File: pgfmoduleshapes.code.tex 2013/10/31  (rcs-revision 1.34)
\pgfnodeparttextbox=\box34
) (/usr/local/texlive/2015/texmf-dist/tex/generic/pgf/modules/pgfmoduleplot.code.tex
File: pgfmoduleplot.code.tex 2013/07/31  (rcs-revision 1.12)
) (/usr/local/texlive/2015/texmf-dist/tex/latex/pgf/compatibility/pgfcomp-version-0-65.sty
Package: pgfcomp-version-0-65 2007/07/03 v3.0.0 (rcs-revision 1.7)
\pgf@nodesepstart=\dimen150
\pgf@nodesepend=\dimen151
) (/usr/local/texlive/2015/texmf-dist/tex/latex/pgf/compatibility/pgfcomp-version-1-18.sty
Package: pgfcomp-version-1-18 2007/07/23 v3.0.0 (rcs-revision 1.1)
)) (/usr/local/texlive/2015/texmf-dist/tex/latex/pgf/utilities/pgffor.sty (/usr/local/texlive/2015/texmf-dist/tex/latex/pgf/utilities/pgfkeys.sty (/usr/local/texlive/2015/texmf-dist/tex/generic/pgf/utilities/pgfkeys.code.tex))
(/usr/local/texlive/2015/texmf-dist/tex/latex/pgf/math/pgfmath.sty (/usr/local/texlive/2015/texmf-dist/tex/generic/pgf/math/pgfmath.code.tex)) (/usr/local/texlive/2015/texmf-dist/tex/generic/pgf/utilities/pgffor.code.tex
Package: pgffor 2013/12/13 v3.0.0 (rcs-revision 1.25)
 (/usr/local/texlive/2015/texmf-dist/tex/generic/pgf/math/pgfmath.code.tex)
\pgffor@iter=\dimen152
\pgffor@skip=\dimen153
\pgffor@stack=\toks37
\pgffor@toks=\toks38
)) (/usr/local/texlive/2015/texmf-dist/tex/generic/pgf/frontendlayer/tikz/tikz.code.tex
Package: tikz 2013/12/13 v3.0.0 (rcs-revision 1.142)
 (/usr/local/texlive/2015/texmf-dist/tex/generic/pgf/libraries/pgflibraryplothandlers.code.tex
File: pgflibraryplothandlers.code.tex 2013/08/31 v3.0.0 (rcs-revision 1.20)
\pgf@plot@mark@count=\count113
\pgfplotmarksize=\dimen154
)
\tikz@lastx=\dimen155
\tikz@lasty=\dimen156
\tikz@lastxsaved=\dimen157
\tikz@lastysaved=\dimen158
\tikzleveldistance=\dimen159
\tikzsiblingdistance=\dimen160
\tikz@figbox=\box35
\tikz@figbox@bg=\box36
\tikz@tempbox=\box37
\tikz@tempbox@bg=\box38
\tikztreelevel=\count114
\tikznumberofchildren=\count115
\tikznumberofcurrentchild=\count116
\tikz@fig@count=\count117
 (/usr/local/texlive/2015/texmf-dist/tex/generic/pgf/modules/pgfmodulematrix.code.tex
File: pgfmodulematrix.code.tex 2013/09/17  (rcs-revision 1.8)
\pgfmatrixcurrentrow=\count118
\pgfmatrixcurrentcolumn=\count119
\pgf@matrix@numberofcolumns=\count120
)
\tikz@expandcount=\count121
 (/usr/local/texlive/2015/texmf-dist/tex/generic/pgf/frontendlayer/tikz/libraries/tikzlibrarytopaths.code.tex
File: tikzlibrarytopaths.code.tex 2008/06/17 v3.0.0 (rcs-revision 1.2)
))) (/usr/local/texlive/2015/texmf-dist/tex/generic/pgf/frontendlayer/tikz/libraries/tikzlibrarypositioning.code.tex
File: tikzlibrarypositioning.code.tex 2008/10/06 v3.0.0 (rcs-revision 1.7)
) (/usr/local/texlive/2015/texmf-dist/tex/latex/tools/calc.sty
Package: calc 2014/10/28 v4.3 Infix arithmetic (KKT,FJ)
\calc@Acount=\count122
\calc@Bcount=\count123
\calc@Adimen=\dimen161
\calc@Bdimen=\dimen162
\calc@Askip=\skip46
\calc@Bskip=\skip47
LaTeX Info: Redefining \setlength on input line 80.
LaTeX Info: Redefining \addtolength on input line 81.
\calc@Ccount=\count124
\calc@Cskip=\skip48
)
\c@@todonotes@numberoftodonotes=\count125
) (/usr/local/texlive/2015/texmf-dist/tex/latex/adjustbox/adjustbox.sty
Package: adjustbox 2012/05/21 v1.0 Adjusting TeX boxes (trim, clip, ...)
 (/usr/local/texlive/2015/texmf-dist/tex/latex/adjustbox/adjcalc.sty
Package: adjcalc 2012/05/16 v1.1 Provides advanced setlength with multiple back-ends (calc, etex, pgfmath)
) (/usr/local/texlive/2015/texmf-dist/tex/latex/adjustbox/trimclip.sty
Package: trimclip 2012/05/16 v1.0 Trim and clip general TeX material
 (/usr/local/texlive/2015/texmf-dist/tex/latex/collectbox/collectbox.sty
Package: collectbox 2012/05/17 v0.4b Collect macro arguments as boxes
\collectedbox=\box39
)
\tc@llx=\dimen163
\tc@lly=\dimen164
\tc@urx=\dimen165
\tc@ury=\dimen166
Package trimclip Info: Using driver 'tc-pdftex.def'.
 (/usr/local/texlive/2015/texmf-dist/tex/latex/adjustbox/tc-pdftex.def
File: tc-pdftex.def 2012/05/13 v1.0 Clipping driver for pdftex
))
\adjbox@Width=\dimen167
\adjbox@Height=\dimen168
\adjbox@Depth=\dimen169
\adjbox@Totalheight=\dimen170
 (/usr/local/texlive/2015/texmf-dist/tex/latex/ifoddpage/ifoddpage.sty
Package: ifoddpage 2011/09/13 v1.0 Conditionals for odd/even page detection
\c@checkoddpage=\count126
) (/usr/local/texlive/2015/texmf-dist/tex/latex/varwidth/varwidth.sty
Package: varwidth 2009/03/30 ver 0.92;  Variable-width minipages
\@vwid@box=\box40
\sift@deathcycles=\count127
\@vwid@loff=\dimen171
\@vwid@roff=\dimen172
)) (/usr/local/texlive/2015/texmf-dist/tex/latex/csquotes/csquotes.sty
Package: csquotes 2015/04/15 v5.1e context-sensitive quotations (JAW)
 (/usr/local/texlive/2015/texmf-dist/tex/latex/etoolbox/etoolbox.sty
Package: etoolbox 2015/05/04 v2.2 e-TeX tools for LaTeX (JAW)
\etb@tempcnta=\count128
)
\csq@reset=\count129
\csq@gtype=\count130
\csq@glevel=\count131
\csq@qlevel=\count132
\csq@maxlvl=\count133
\csq@tshold=\count134
\csq@ltx@everypar=\toks39
 (/usr/local/texlive/2015/texmf-dist/tex/latex/csquotes/csquotes.def
File: csquotes.def 2015/04/15 v5.1e csquotes generic definitions (JAW)
)
Package csquotes Info: Trying to load configuration file 'csquotes.cfg'...
Package csquotes Info: ... configuration file loaded successfully.
 (/usr/local/texlive/2015/texmf-dist/tex/latex/csquotes/csquotes.cfg
File: csquotes.cfg 
)
Package csquotes Info: Enabling multilingual quotes.
) (/usr/local/texlive/2015/texmf-dist/tex/latex/tools/multicol.sty
Package: multicol 2015/03/31 v1.8m multicolumn formatting (FMi)
\c@tracingmulticols=\count135
\mult@box=\box41
\multicol@leftmargin=\dimen173
\c@unbalance=\count136
\c@collectmore=\count137
\doublecol@number=\count138
\multicoltolerance=\count139
\multicolpretolerance=\count140
\full@width=\dimen174
\page@free=\dimen175
\premulticols=\dimen176
\postmulticols=\dimen177
\multicolsep=\skip49
\multicolbaselineskip=\skip50
\partial@page=\box42
\last@line=\box43
\maxbalancingoverflow=\dimen178
\mult@rightbox=\box44
\mult@grightbox=\box45
\mult@gfirstbox=\box46
\mult@firstbox=\box47
\@tempa=\box48
\@tempa=\box49
\@tempa=\box50
\@tempa=\box51
\@tempa=\box52
\@tempa=\box53
\@tempa=\box54
\@tempa=\box55
\@tempa=\box56
\@tempa=\box57
\@tempa=\box58
\@tempa=\box59
\@tempa=\box60
\@tempa=\box61
\@tempa=\box62
\@tempa=\box63
\@tempa=\box64
\c@columnbadness=\count141
\c@finalcolumnbadness=\count142
\last@try=\dimen179
\multicolovershoot=\dimen180
\multicolundershoot=\dimen181
\mult@nat@firstbox=\box65
\colbreak@box=\box66
\mc@col@check@num=\count143
) (/usr/local/texlive/2015/texmf-dist/tex/latex/hyperref/hyperref.sty
Package: hyperref 2012/11/06 v6.83m Hypertext links for LaTeX
 (/usr/local/texlive/2015/texmf-dist/tex/generic/oberdiek/hobsub-hyperref.sty
Package: hobsub-hyperref 2012/05/28 v1.13 Bundle oberdiek, subset hyperref (HO)
 (/usr/local/texlive/2015/texmf-dist/tex/generic/oberdiek/hobsub-generic.sty
Package: hobsub-generic 2012/05/28 v1.13 Bundle oberdiek, subset generic (HO)
Package: hobsub 2012/05/28 v1.13 Construct package bundles (HO)
Package hobsub Info: Skipping package `infwarerr' (already loaded).
Package hobsub Info: Skipping package `ltxcmds' (already loaded).
Package: ifluatex 2010/03/01 v1.3 Provides the ifluatex switch (HO)
Package ifluatex Info: LuaTeX not detected.
Package: ifvtex 2010/03/01 v1.5 Detect VTeX and its facilities (HO)
Package ifvtex Info: VTeX not detected.
Package: intcalc 2007/09/27 v1.1 Expandable calculations with integers (HO)
Package: ifpdf 2011/01/30 v2.3 Provides the ifpdf switch (HO)
Package ifpdf Info: pdfTeX in PDF mode is detected.
Package: etexcmds 2011/02/16 v1.5 Avoid name clashes with e-TeX commands (HO)
Package etexcmds Info: Could not find \expanded.
(etexcmds)             That can mean that you are not using pdfTeX 1.50 or
(etexcmds)             that some package has redefined \expanded.
(etexcmds)             In the latter case, load this package earlier.
Package: kvsetkeys 2012/04/25 v1.16 Key value parser (HO)
Package: kvdefinekeys 2011/04/07 v1.3 Define keys (HO)
Package: pdftexcmds 2011/11/29 v0.20 Utility functions of pdfTeX for LuaTeX (HO)
Package pdftexcmds Info: LuaTeX not detected.
Package pdftexcmds Info: \pdf@primitive is available.
Package pdftexcmds Info: \pdf@ifprimitive is available.
Package pdftexcmds Info: \pdfdraftmode found.
Package: pdfescape 2011/11/25 v1.13 Implements pdfTeX's escape features (HO)
Package: bigintcalc 2012/04/08 v1.3 Expandable calculations on big integers (HO)
Package: bitset 2011/01/30 v1.1 Handle bit-vector datatype (HO)
Package: uniquecounter 2011/01/30 v1.2 Provide unlimited unique counter (HO)
)
Package hobsub Info: Skipping package `hobsub' (already loaded).
Package: letltxmacro 2010/09/02 v1.4 Let assignment for LaTeX macros (HO)
Package: hopatch 2012/05/28 v1.2 Wrapper for package hooks (HO)
Package: xcolor-patch 2011/01/30 xcolor patch
Package: atveryend 2011/06/30 v1.8 Hooks at the very end of document (HO)
Package: atbegshi 2011/10/05 v1.16 At begin shipout hook (HO)
Package: refcount 2011/10/16 v3.4 Data extraction from label references (HO)
Package: hycolor 2011/01/30 v1.7 Color options for hyperref/bookmark (HO)
) (/usr/local/texlive/2015/texmf-dist/tex/generic/ifxetex/ifxetex.sty
Package: ifxetex 2010/09/12 v0.6 Provides ifxetex conditional
) (/usr/local/texlive/2015/texmf-dist/tex/latex/oberdiek/auxhook.sty
Package: auxhook 2011/03/04 v1.3 Hooks for auxiliary files (HO)
) (/usr/local/texlive/2015/texmf-dist/tex/latex/oberdiek/kvoptions.sty
Package: kvoptions 2011/06/30 v3.11 Key value format for package options (HO)
)
\@linkdim=\dimen182
\Hy@linkcounter=\count144
\Hy@pagecounter=\count145
 (/usr/local/texlive/2015/texmf-dist/tex/latex/hyperref/pd1enc.def
File: pd1enc.def 2012/11/06 v6.83m Hyperref: PDFDocEncoding definition (HO)
)
\Hy@SavedSpaceFactor=\count146
 (/usr/local/texlive/2015/texmf-dist/tex/latex/latexconfig/hyperref.cfg
File: hyperref.cfg 2002/06/06 v1.2 hyperref configuration of TeXLive
)
Package hyperref Info: Hyper figures OFF on input line 4443.
Package hyperref Info: Link nesting OFF on input line 4448.
Package hyperref Info: Hyper index ON on input line 4451.
Package hyperref Info: Plain pages OFF on input line 4458.
Package hyperref Info: Backreferencing OFF on input line 4463.
Package hyperref Info: Implicit mode ON; LaTeX internals redefined.
Package hyperref Info: Bookmarks ON on input line 4688.
\c@Hy@tempcnt=\count147
 (/usr/local/texlive/2015/texmf-dist/tex/latex/url/url.sty
\Urlmuskip=\muskip11
Package: url 2013/09/16  ver 3.4  Verb mode for urls, etc.
)
LaTeX Info: Redefining \url on input line 5041.
\XeTeXLinkMargin=\dimen183
\Fld@menulength=\count148
\Field@Width=\dimen184
\Fld@charsize=\dimen185
Package hyperref Info: Hyper figures OFF on input line 6295.
Package hyperref Info: Link nesting OFF on input line 6300.
Package hyperref Info: Hyper index ON on input line 6303.
Package hyperref Info: backreferencing OFF on input line 6310.
Package hyperref Info: Link coloring OFF on input line 6315.
Package hyperref Info: Link coloring with OCG OFF on input line 6320.
Package hyperref Info: PDF/A mode OFF on input line 6325.
LaTeX Info: Redefining \ref on input line 6365.
LaTeX Info: Redefining \pageref on input line 6369.
\Hy@abspage=\count149
\c@Item=\count150
\c@Hfootnote=\count151
)

Package hyperref Message: Driver (autodetected): hpdftex.

(/usr/local/texlive/2015/texmf-dist/tex/latex/hyperref/hpdftex.def
File: hpdftex.def 2012/11/06 v6.83m Hyperref driver for pdfTeX
\Fld@listcount=\count152
\c@bookmark@seq@number=\count153
 (/usr/local/texlive/2015/texmf-dist/tex/latex/oberdiek/rerunfilecheck.sty
Package: rerunfilecheck 2011/04/15 v1.7 Rerun checks for auxiliary files (HO)
Package uniquecounter Info: New unique counter `rerunfilecheck' on input line 282.
)
\Hy@SectionHShift=\skip51
) (/usr/local/texlive/2015/texmf-dist/tex/latex/fancyref/fancyref.sty
Package: fancyref 1999/02/03 v0.9c Fancy cross-referencing
 (/usr/local/texlive/2015/texmf-dist/tex/latex/tools/varioref.sty
Package: varioref 2014/10/28 v1.5a package for extended references (FMi)
\c@vrcnt=\count154
)) (/usr/local/texlive/2015/texmf-dist/tex/latex/fancyhdr/fancyhdr.sty
\fancy@headwidth=\skip52
\f@ncyO@elh=\skip53
\f@ncyO@erh=\skip54
\f@ncyO@olh=\skip55
\f@ncyO@orh=\skip56
\f@ncyO@elf=\skip57
\f@ncyO@erf=\skip58
\f@ncyO@olf=\skip59
\f@ncyO@orf=\skip60
)
Package hyperref Info: Option `colorlinks' set `true' on input line 33.
Package csquotes Info: Checking for multilingual support...
Package csquotes Info: ... found 'babel' package.
 (/Users/TimeTraveler/CloneWars/OverClouds/report-bs/16dlm-tb210-overclouds/.texpadtmp/main.aux

LaTeX Warning: Label `fig:stun-scheme' multiply defined.

)
\openout1 = `main.aux'.

LaTeX Font Info:    Checking defaults for OML/cmm/m/it on input line 37.
LaTeX Font Info:    ... okay on input line 37.
LaTeX Font Info:    Checking defaults for T1/cmr/m/n on input line 37.
LaTeX Font Info:    ... okay on input line 37.
LaTeX Font Info:    Checking defaults for OT1/cmr/m/n on input line 37.
LaTeX Font Info:    ... okay on input line 37.
LaTeX Font Info:    Checking defaults for OMS/cmsy/m/n on input line 37.
LaTeX Font Info:    ... okay on input line 37.
LaTeX Font Info:    Checking defaults for OMX/cmex/m/n on input line 37.
LaTeX Font Info:    ... okay on input line 37.
LaTeX Font Info:    Checking defaults for U/cmr/m/n on input line 37.
LaTeX Font Info:    ... okay on input line 37.
LaTeX Font Info:    Checking defaults for PD1/pdf/m/n on input line 37.
LaTeX Font Info:    ... okay on input line 37.
 (/usr/local/texlive/2015/texmf-dist/tex/latex/ucs/ucsencs.def
File: ucsencs.def 2011/01/21 Fixes to fontencodings LGR, T3
) (/usr/local/texlive/2015/texmf-dist/tex/context/base/supp-pdf.mkii
[Loading MPS to PDF converter (version 2006.09.02).]
\scratchcounter=\count155
\scratchdimen=\dimen186
\scratchbox=\box67
\nofMPsegments=\count156
\nofMParguments=\count157
\everyMPshowfont=\toks40
\MPscratchCnt=\count158
\MPscratchDim=\dimen187
\MPnumerator=\count159
\makeMPintoPDFobject=\count160
\everyMPtoPDFconversion=\toks41
) (/usr/local/texlive/2015/texmf-dist/tex/latex/oberdiek/epstopdf-base.sty
Package: epstopdf-base 2010/02/09 v2.5 Base part for package epstopdf
 (/usr/local/texlive/2015/texmf-dist/tex/latex/oberdiek/grfext.sty
Package: grfext 2010/08/19 v1.1 Manage graphics extensions (HO)
)
Package grfext Info: Graphics extension search list:
(grfext)             [.png,.pdf,.jpg,.mps,.jpeg,.jbig2,.jb2,.PNG,.PDF,.JPG,.JPEG,.JBIG2,.JB2,.eps]
(grfext)             \AppendGraphicsExtensions on input line 452.
 (/usr/local/texlive/2015/texmf-dist/tex/latex/latexconfig/epstopdf-sys.cfg
File: epstopdf-sys.cfg 2010/07/13 v1.3 Configuration of (r)epstopdf for TeX Live
)) ABD: EveryShipout initializing macros
\AtBeginShipoutBox=\box68
Package hyperref Info: Link coloring ON on input line 37.
 (/usr/local/texlive/2015/texmf-dist/tex/latex/hyperref/nameref.sty
Package: nameref 2012/10/27 v2.43 Cross-referencing by name of section
 (/usr/local/texlive/2015/texmf-dist/tex/generic/oberdiek/gettitlestring.sty
Package: gettitlestring 2010/12/03 v1.4 Cleanup title references (HO)
)
\c@section@level=\count161
LaTeX Info: Redefining \Ref on input line 513.
)
LaTeX Info: Redefining \ref on input line 37.
LaTeX Info: Redefining \pageref on input line 37.
LaTeX Info: Redefining \nameref on input line 37.
 (/Users/TimeTraveler/CloneWars/OverClouds/report-bs/16dlm-tb210-overclouds/.texpadtmp/main.out) (/Users/TimeTraveler/CloneWars/OverClouds/report-bs/16dlm-tb210-overclouds/.texpadtmp/main.out)
\@outlinefile=\write4
\openout4 = `main.out'.

LaTeX Info: Redefining \Ref on input line 37.
 (./cover-page.tex <logos/logo-hearc-ing-2011.png, id=332, 455.301pt x 85.2786pt>
File: logos/logo-hearc-ing-2011.png Graphic file (type png)
 <use logos/logo-hearc-ing-2011.png>
Package pdftex.def Info: logos/logo-hearc-ing-2011.png used on input line 18.
(pdftex.def)             Requested size: 303.8204pt x 56.9055pt.
 <logos/hesso.jpg, id=334, 217.2918pt x 111.5367pt>
File: logos/hesso.jpg Graphic file (type jpg)
 <use logos/hesso.jpg>
Package pdftex.def Info: logos/hesso.jpg used on input line 19.
(pdftex.def)             Requested size: 110.86044pt x 56.9055pt.

Overfull \hbox (44.68085pt too wide) in paragraph at lines 16--20
 []$ 
 []

<logos/overclouds.png, id=335, 264.23718pt x 170.88844pt>
File: logos/overclouds.png Graphic file (type png)
 <use logos/overclouds.png>
Package pdftex.def Info: logos/overclouds.png used on input line 64.
(pdftex.def)             Requested size: 175.98564pt x 113.81102pt.
 [1

{/usr/local/texlive/2015/texmf-var/fonts/map/pdftex/updmap/pdftex.map} <./logos/logo-hearc-ing-2011.png> <./logos/hesso.jpg> <./logos/overclouds.png>]) (./description.tex
Underfull \hbox (badness 10000) in paragraph at lines 5--6

 []


Underfull \hbox (badness 10000) in paragraph at lines 10--11

 []

pdfTeX warning (ext4): destination with the same identifier (name{page.1}) has been already used, duplicate ignored
<to be read again> 
                   \relax 
l.20 \clearpage
                [1]
Underfull \hbox (badness 10000) in paragraph at lines 24--25

 []

(/usr/local/texlive/2015/texmf-dist/tex/latex/ucs/data/uni-0.def
File: uni-0.def 2013/05/13 UCS: Unicode data U+0000..U+00FF
)
Overfull \hbox (6.75005pt too wide) in paragraph at lines 26--27
\OT1/cmr/m/n/12 parano^^?^^Pa actuelle con-cer-nant la vie priv^^See sur In-ter-net ainsi qu'^^Ra la pr^^Seservation
 []

(/usr/local/texlive/2015/texmf-dist/tex/latex/ucs/data/uni-1.def
File: uni-1.def 2013/05/13 UCS: Unicode data U+0100..U+01FF
) <./logos/cc-attibution-noncommercial-sharealike-4-0-international-88x31.png, id=352, 88.33pt x 31.11626pt>
File: ./logos/cc-attibution-noncommercial-sharealike-4-0-international-88x31.png Graphic file (type png)
 <use ./logos/cc-attibution-noncommercial-sharealike-4-0-international-88x31.png>
Package pdftex.def Info: ./logos/cc-attibution-noncommercial-sharealike-4-0-international-88x31.png used on input line 34.
(pdftex.def)             Requested size: 64.61647pt x 22.76228pt.
 [2

 <./logos/cc-attibution-noncommercial-sharealike-4-0-international-88x31.png>]) (/Users/TimeTraveler/CloneWars/OverClouds/report-bs/16dlm-tb210-overclouds/.texpadtmp/main.toc
File: ./logos/cc-attibution-noncommercial-sharealike-4-0-international-88x31.png Graphic file (type png)
 <use ./logos/cc-attibution-noncommercial-sharealike-4-0-international-88x31.png>
Package pdftex.def Info: ./logos/cc-attibution-noncommercial-sharealike-4-0-international-88x31.png used on input line 103.
(pdftex.def)             Requested size: 64.61647pt x 22.76228pt.
pdfTeX warning (ext4): destination with the same identifier (name{page.1}) has been already used, duplicate ignored
<to be read again> 
                   \relax 
l.103 ...ine {2.7.2}User}{31}{subsubsection.2.7.2}
                                                   [1]
File: ./logos/cc-attibution-noncommercial-sharealike-4-0-international-88x31.png Graphic file (type png)
 <use ./logos/cc-attibution-noncommercial-sharealike-4-0-international-88x31.png>
Package pdftex.def Info: ./logos/cc-attibution-noncommercial-sharealike-4-0-international-88x31.png used on input line 226.
(pdftex.def)             Requested size: 64.61647pt x 22.76228pt.
pdfTeX warning (ext4): destination with the same identifier (name{page.2}) has been already used, duplicate ignored
<to be read again> 
                   \relax 
l.226 ...1.7}Blockchains}{57}{subsubsection.7.1.7}
                                                   [2])
\tf@toc=\write5
\openout5 = `main.toc'.

File: ./logos/cc-attibution-noncommercial-sharealike-4-0-international-88x31.png Graphic file (type png)
 <use ./logos/cc-attibution-noncommercial-sharealike-4-0-international-88x31.png>
Package pdftex.def Info: ./logos/cc-attibution-noncommercial-sharealike-4-0-international-88x31.png used on input line 77.
(pdftex.def)             Requested size: 64.61647pt x 22.76228pt.
 [3] (./preface.tex (./preface/introduction.tex
File: ./logos/cc-attibution-noncommercial-sharealike-4-0-international-88x31.png Graphic file (type png)
 <use ./logos/cc-attibution-noncommercial-sharealike-4-0-international-88x31.png>
Package pdftex.def Info: ./logos/cc-attibution-noncommercial-sharealike-4-0-international-88x31.png used on input line 16.
(pdftex.def)             Requested size: 64.61647pt x 22.76228pt.
 [4]
File: ./logos/cc-attibution-noncommercial-sharealike-4-0-international-88x31.png Graphic file (type png)
 <use ./logos/cc-attibution-noncommercial-sharealike-4-0-international-88x31.png>
Package pdftex.def Info: ./logos/cc-attibution-noncommercial-sharealike-4-0-international-88x31.png used on input line 23.
(pdftex.def)             Requested size: 64.61647pt x 22.76228pt.
 [5])
File: ./logos/cc-attibution-noncommercial-sharealike-4-0-international-88x31.png Graphic file (type png)
 <use ./logos/cc-attibution-noncommercial-sharealike-4-0-international-88x31.png>
Package pdftex.def Info: ./logos/cc-attibution-noncommercial-sharealike-4-0-international-88x31.png used on input line 14.
(pdftex.def)             Requested size: 64.61647pt x 22.76228pt.
 [6] (./preface/big-picture.tex
Overfull \hbox (17.98187pt too wide) in paragraph at lines 18--19
\OT1/cmr/m/n/12 preservation, and by-pass con-sen-sus de-ci-sions if they are judged as self-destruction
 []

File: ./logos/cc-attibution-noncommercial-sharealike-4-0-international-88x31.png Graphic file (type png)
<use ./logos/cc-attibution-noncommercial-sharealike-4-0-international-88x31.png>
Package pdftex.def Info: ./logos/cc-attibution-noncommercial-sharealike-4-0-international-88x31.png used on input line 22.
(pdftex.def)             Requested size: 64.61647pt x 22.76228pt.
 [7

])
File: ./logos/cc-attibution-noncommercial-sharealike-4-0-international-88x31.png Graphic file (type png)
 <use ./logos/cc-attibution-noncommercial-sharealike-4-0-international-88x31.png>
Package pdftex.def Info: ./logos/cc-attibution-noncommercial-sharealike-4-0-international-88x31.png used on input line 20.
(pdftex.def)             Requested size: 64.61647pt x 22.76228pt.
 [8] (./preface/objectives.tex
Overfull \hbox (18.92632pt too wide) in paragraph at lines 16--17
[]\OT1/cmr/m/n/12 The foun-da-tions for this project have been done dur-ing the Spring Project[[]],
 []

)
File: ./logos/cc-attibution-noncommercial-sharealike-4-0-international-88x31.png Graphic file (type png)
 <use ./logos/cc-attibution-noncommercial-sharealike-4-0-international-88x31.png>
Package pdftex.def Info: ./logos/cc-attibution-noncommercial-sharealike-4-0-international-88x31.png used on input line 32.
(pdftex.def)             Requested size: 64.61647pt x 22.76228pt.
 [9

] (./preface/specifications.tex
LaTeX Font Info:    Try loading font information for OMS+cmr on input line 12.
 (/usr/local/texlive/2015/texmf-dist/tex/latex/base/omscmr.fd
File: omscmr.fd 2014/09/29 v2.5h Standard LaTeX font definitions
)
LaTeX Font Info:    Font shape `OMS/cmr/m/n' in size <12> not available
(Font)              Font shape `OMS/cmsy/m/n' tried instead on input line 12.
)
File: ./logos/cc-attibution-noncommercial-sharealike-4-0-international-88x31.png Graphic file (type png)
 <use ./logos/cc-attibution-noncommercial-sharealike-4-0-international-88x31.png>
Package pdftex.def Info: ./logos/cc-attibution-noncommercial-sharealike-4-0-international-88x31.png used on input line 38.
(pdftex.def)             Requested size: 64.61647pt x 22.76228pt.
 [10

] (./preface/management.tex)
File: ./logos/cc-attibution-noncommercial-sharealike-4-0-international-88x31.png Graphic file (type png)
 <use ./logos/cc-attibution-noncommercial-sharealike-4-0-international-88x31.png>
Package pdftex.def Info: ./logos/cc-attibution-noncommercial-sharealike-4-0-international-88x31.png used on input line 44.
(pdftex.def)             Requested size: 64.61647pt x 22.76228pt.
 [11

]) (./analyses.tex (./analyses/blockchains.tex
File: ./logos/cc-attibution-noncommercial-sharealike-4-0-international-88x31.png Graphic file (type png)
 <use ./logos/cc-attibution-noncommercial-sharealike-4-0-international-88x31.png>
Package pdftex.def Info: ./logos/cc-attibution-noncommercial-sharealike-4-0-international-88x31.png used on input line 24.
(pdftex.def)             Requested size: 64.61647pt x 22.76228pt.
 [12


]
File: ./logos/cc-attibution-noncommercial-sharealike-4-0-international-88x31.png Graphic file (type png)
 <use ./logos/cc-attibution-noncommercial-sharealike-4-0-international-88x31.png>
Package pdftex.def Info: ./logos/cc-attibution-noncommercial-sharealike-4-0-international-88x31.png used on input line 40.
(pdftex.def)             Requested size: 64.61647pt x 22.76228pt.
 [13] (/usr/local/texlive/2015/texmf-dist/tex/latex/ucs/data/uni-32.def
File: uni-32.def 2013/05/13 UCS: Unicode data U+2000..U+20FF
)
File: ./logos/cc-attibution-noncommercial-sharealike-4-0-international-88x31.png Graphic file (type png)
 <use ./logos/cc-attibution-noncommercial-sharealike-4-0-international-88x31.png>
Package pdftex.def Info: ./logos/cc-attibution-noncommercial-sharealike-4-0-international-88x31.png used on input line 57.
(pdftex.def)             Requested size: 64.61647pt x 22.76228pt.
 [14]
File: ./logos/cc-attibution-noncommercial-sharealike-4-0-international-88x31.png Graphic file (type png)
 <use ./logos/cc-attibution-noncommercial-sharealike-4-0-international-88x31.png>
Package pdftex.def Info: ./logos/cc-attibution-noncommercial-sharealike-4-0-international-88x31.png used on input line 72.
(pdftex.def)             Requested size: 64.61647pt x 22.76228pt.
 [15]
File: ./logos/cc-attibution-noncommercial-sharealike-4-0-international-88x31.png Graphic file (type png)
 <use ./logos/cc-attibution-noncommercial-sharealike-4-0-international-88x31.png>
Package pdftex.def Info: ./logos/cc-attibution-noncommercial-sharealike-4-0-international-88x31.png used on input line 84.
(pdftex.def)             Requested size: 64.61647pt x 22.76228pt.
 [16])
File: ./logos/cc-attibution-noncommercial-sharealike-4-0-international-88x31.png Graphic file (type png)
 <use ./logos/cc-attibution-noncommercial-sharealike-4-0-international-88x31.png>
Package pdftex.def Info: ./logos/cc-attibution-noncommercial-sharealike-4-0-international-88x31.png used on input line 15.
(pdftex.def)             Requested size: 64.61647pt x 22.76228pt.
 [17] (./analyses/proof-of-activity.tex)
File: ./logos/cc-attibution-noncommercial-sharealike-4-0-international-88x31.png Graphic file (type png)
 <use ./logos/cc-attibution-noncommercial-sharealike-4-0-international-88x31.png>
Package pdftex.def Info: ./logos/cc-attibution-noncommercial-sharealike-4-0-international-88x31.png used on input line 21.
(pdftex.def)             Requested size: 64.61647pt x 22.76228pt.
 [18

] (./analyses/communication.tex
File: ./logos/cc-attibution-noncommercial-sharealike-4-0-international-88x31.png Graphic file (type png)
 <use ./logos/cc-attibution-noncommercial-sharealike-4-0-international-88x31.png>
Package pdftex.def Info: ./logos/cc-attibution-noncommercial-sharealike-4-0-international-88x31.png used on input line 19.
(pdftex.def)             Requested size: 64.61647pt x 22.76228pt.
 [19

]
File: ./logos/cc-attibution-noncommercial-sharealike-4-0-international-88x31.png Graphic file (type png)
 <use ./logos/cc-attibution-noncommercial-sharealike-4-0-international-88x31.png>
Package pdftex.def Info: ./logos/cc-attibution-noncommercial-sharealike-4-0-international-88x31.png used on input line 28.
(pdftex.def)             Requested size: 64.61647pt x 22.76228pt.
 [20])
File: ./logos/cc-attibution-noncommercial-sharealike-4-0-international-88x31.png Graphic file (type png)
 <use ./logos/cc-attibution-noncommercial-sharealike-4-0-international-88x31.png>
Package pdftex.def Info: ./logos/cc-attibution-noncommercial-sharealike-4-0-international-88x31.png used on input line 27.
(pdftex.def)             Requested size: 64.61647pt x 22.76228pt.
 [21] (./analyses/cryptography.tex
File: ./logos/cc-attibution-noncommercial-sharealike-4-0-international-88x31.png Graphic file (type png)
 <use ./logos/cc-attibution-noncommercial-sharealike-4-0-international-88x31.png>
Package pdftex.def Info: ./logos/cc-attibution-noncommercial-sharealike-4-0-international-88x31.png used on input line 35.
(pdftex.def)             Requested size: 64.61647pt x 22.76228pt.
 [22

])
File: ./logos/cc-attibution-noncommercial-sharealike-4-0-international-88x31.png Graphic file (type png)
 <use ./logos/cc-attibution-noncommercial-sharealike-4-0-international-88x31.png>
Package pdftex.def Info: ./logos/cc-attibution-noncommercial-sharealike-4-0-international-88x31.png used on input line 33.
(pdftex.def)             Requested size: 64.61647pt x 22.76228pt.
 [23] (./analyses/consensus.tex
Overfull \hbox (13.24304pt too wide) in paragraph at lines 16--17
[]\OT1/cmr/m/n/12 For ex-am-ple, Maidsafe[[]] uses an-other tech-nol-ogy to ob-tain a consensus[[]].
 []

File: ./logos/cc-attibution-noncommercial-sharealike-4-0-international-88x31.png Graphic file (type png)
<use ./logos/cc-attibution-noncommercial-sharealike-4-0-international-88x31.png>
Package pdftex.def Info: ./logos/cc-attibution-noncommercial-sharealike-4-0-international-88x31.png used on input line 38.
(pdftex.def)             Requested size: 64.61647pt x 22.76228pt.
 [24

])
File: ./logos/cc-attibution-noncommercial-sharealike-4-0-international-88x31.png Graphic file (type png)
 <use ./logos/cc-attibution-noncommercial-sharealike-4-0-international-88x31.png>
Package pdftex.def Info: ./logos/cc-attibution-noncommercial-sharealike-4-0-international-88x31.png used on input line 39.
(pdftex.def)             Requested size: 64.61647pt x 22.76228pt.
 [25] (./analyses/storage.tex
File: ./logos/cc-attibution-noncommercial-sharealike-4-0-international-88x31.png Graphic file (type png)
 <use ./logos/cc-attibution-noncommercial-sharealike-4-0-international-88x31.png>
Package pdftex.def Info: ./logos/cc-attibution-noncommercial-sharealike-4-0-international-88x31.png used on input line 21.
(pdftex.def)             Requested size: 64.61647pt x 22.76228pt.
 [26

]
File: ./logos/cc-attibution-noncommercial-sharealike-4-0-international-88x31.png Graphic file (type png)
 <use ./logos/cc-attibution-noncommercial-sharealike-4-0-international-88x31.png>
Package pdftex.def Info: ./logos/cc-attibution-noncommercial-sharealike-4-0-international-88x31.png used on input line 33.
(pdftex.def)             Requested size: 64.61647pt x 22.76228pt.
 [27]
File: ./logos/cc-attibution-noncommercial-sharealike-4-0-international-88x31.png Graphic file (type png)
 <use ./logos/cc-attibution-noncommercial-sharealike-4-0-international-88x31.png>
Package pdftex.def Info: ./logos/cc-attibution-noncommercial-sharealike-4-0-international-88x31.png used on input line 42.
(pdftex.def)             Requested size: 64.61647pt x 22.76228pt.
 [28]
File: ./logos/cc-attibution-noncommercial-sharealike-4-0-international-88x31.png Graphic file (type png)
 <use ./logos/cc-attibution-noncommercial-sharealike-4-0-international-88x31.png>
Package pdftex.def Info: ./logos/cc-attibution-noncommercial-sharealike-4-0-international-88x31.png used on input line 55.
(pdftex.def)             Requested size: 64.61647pt x 22.76228pt.
 [29])
File: ./logos/cc-attibution-noncommercial-sharealike-4-0-international-88x31.png Graphic file (type png)
 <use ./logos/cc-attibution-noncommercial-sharealike-4-0-international-88x31.png>
Package pdftex.def Info: ./logos/cc-attibution-noncommercial-sharealike-4-0-international-88x31.png used on input line 45.
(pdftex.def)             Requested size: 64.61647pt x 22.76228pt.
 [30] (./analyses/architecture-global.tex
File: ./logos/cc-attibution-noncommercial-sharealike-4-0-international-88x31.png Graphic file (type png)
 <use ./logos/cc-attibution-noncommercial-sharealike-4-0-international-88x31.png>
Package pdftex.def Info: ./logos/cc-attibution-noncommercial-sharealike-4-0-international-88x31.png used on input line 19.
(pdftex.def)             Requested size: 64.61647pt x 22.76228pt.
 [31

]
File: ./logos/cc-attibution-noncommercial-sharealike-4-0-international-88x31.png Graphic file (type png)
 <use ./logos/cc-attibution-noncommercial-sharealike-4-0-international-88x31.png>
Package pdftex.def Info: ./logos/cc-attibution-noncommercial-sharealike-4-0-international-88x31.png used on input line 32.
(pdftex.def)             Requested size: 64.61647pt x 22.76228pt.
 [32]
File: ./logos/cc-attibution-noncommercial-sharealike-4-0-international-88x31.png Graphic file (type png)
 <use ./logos/cc-attibution-noncommercial-sharealike-4-0-international-88x31.png>
Package pdftex.def Info: ./logos/cc-attibution-noncommercial-sharealike-4-0-international-88x31.png used on input line 45.
(pdftex.def)             Requested size: 64.61647pt x 22.76228pt.
 [33]
File: ./logos/cc-attibution-noncommercial-sharealike-4-0-international-88x31.png Graphic file (type png)
 <use ./logos/cc-attibution-noncommercial-sharealike-4-0-international-88x31.png>
Package pdftex.def Info: ./logos/cc-attibution-noncommercial-sharealike-4-0-international-88x31.png used on input line 52.
(pdftex.def)             Requested size: 64.61647pt x 22.76228pt.
 [34]
File: ./logos/cc-attibution-noncommercial-sharealike-4-0-international-88x31.png Graphic file (type png)
 <use ./logos/cc-attibution-noncommercial-sharealike-4-0-international-88x31.png>
Package pdftex.def Info: ./logos/cc-attibution-noncommercial-sharealike-4-0-international-88x31.png used on input line 64.
(pdftex.def)             Requested size: 64.61647pt x 22.76228pt.
 [35])
File: ./logos/cc-attibution-noncommercial-sharealike-4-0-international-88x31.png Graphic file (type png)
 <use ./logos/cc-attibution-noncommercial-sharealike-4-0-international-88x31.png>
Package pdftex.def Info: ./logos/cc-attibution-noncommercial-sharealike-4-0-international-88x31.png used on input line 51.
(pdftex.def)             Requested size: 64.61647pt x 22.76228pt.
 [36] (./analyses/architecture-webgate.tex
File: ./logos/cc-attibution-noncommercial-sharealike-4-0-international-88x31.png Graphic file (type png)
 <use ./logos/cc-attibution-noncommercial-sharealike-4-0-international-88x31.png>
Package pdftex.def Info: ./logos/cc-attibution-noncommercial-sharealike-4-0-international-88x31.png used on input line 33.
(pdftex.def)             Requested size: 64.61647pt x 22.76228pt.
 [37

])
File: ./logos/cc-attibution-noncommercial-sharealike-4-0-international-88x31.png Graphic file (type png)
 <use ./logos/cc-attibution-noncommercial-sharealike-4-0-international-88x31.png>
Package pdftex.def Info: ./logos/cc-attibution-noncommercial-sharealike-4-0-international-88x31.png used on input line 58.
(pdftex.def)             Requested size: 64.61647pt x 22.76228pt.
 [38]) (./implementations.tex (./implementations/consensus.tex
File: ./logos/cc-attibution-noncommercial-sharealike-4-0-international-88x31.png Graphic file (type png)
 <use ./logos/cc-attibution-noncommercial-sharealike-4-0-international-88x31.png>
Package pdftex.def Info: ./logos/cc-attibution-noncommercial-sharealike-4-0-international-88x31.png used on input line 33.
(pdftex.def)             Requested size: 64.61647pt x 22.76228pt.
 [39


]) (./implementations/webgate.tex
File: ./logos/cc-attibution-noncommercial-sharealike-4-0-international-88x31.png Graphic file (type png)
 <use ./logos/cc-attibution-noncommercial-sharealike-4-0-international-88x31.png>
Package pdftex.def Info: ./logos/cc-attibution-noncommercial-sharealike-4-0-international-88x31.png used on input line 15.
(pdftex.def)             Requested size: 64.61647pt x 22.76228pt.
 [40]
File: ./logos/cc-attibution-noncommercial-sharealike-4-0-international-88x31.png Graphic file (type png)
 <use ./logos/cc-attibution-noncommercial-sharealike-4-0-international-88x31.png>
Package pdftex.def Info: ./logos/cc-attibution-noncommercial-sharealike-4-0-international-88x31.png used on input line 32.
(pdftex.def)             Requested size: 64.61647pt x 22.76228pt.
 [41])
File: ./logos/cc-attibution-noncommercial-sharealike-4-0-international-88x31.png Graphic file (type png)
 <use ./logos/cc-attibution-noncommercial-sharealike-4-0-international-88x31.png>
Package pdftex.def Info: ./logos/cc-attibution-noncommercial-sharealike-4-0-international-88x31.png used on input line 22.
(pdftex.def)             Requested size: 64.61647pt x 22.76228pt.
 [42]) (./results.tex
File: ./logos/cc-attibution-noncommercial-sharealike-4-0-international-88x31.png Graphic file (type png)
 <use ./logos/cc-attibution-noncommercial-sharealike-4-0-international-88x31.png>
Package pdftex.def Info: ./logos/cc-attibution-noncommercial-sharealike-4-0-international-88x31.png used on input line 21.
(pdftex.def)             Requested size: 64.61647pt x 22.76228pt.
 [43


])
File: ./logos/cc-attibution-noncommercial-sharealike-4-0-international-88x31.png Graphic file (type png)
 <use ./logos/cc-attibution-noncommercial-sharealike-4-0-international-88x31.png>
Package pdftex.def Info: ./logos/cc-attibution-noncommercial-sharealike-4-0-international-88x31.png used on input line 102.
(pdftex.def)             Requested size: 64.61647pt x 22.76228pt.
 [44] (./conclusion.tex)
File: ./logos/cc-attibution-noncommercial-sharealike-4-0-international-88x31.png Graphic file (type png)

<use ./logos/cc-attibution-noncommercial-sharealike-4-0-international-88x31.png>
Package pdftex.def Info: ./logos/cc-attibution-noncommercial-sharealike-4-0-international-88x31.png used on input line 108.
(pdftex.def)             Requested size: 64.61647pt x 22.76228pt.
 [45

] (./bibliography.tex (/Users/TimeTraveler/CloneWars/OverClouds/report-bs/16dlm-tb210-overclouds/.texpadtmp/main.bbl
Underfull \hbox (badness 10000) in paragraph at lines 44--47
[]\OT1/cmr/m/n/12 J. Benet.  IPFS-Content
 []


Underfull \hbox (badness 10000) in paragraph at lines 44--47
\OT1/cmr/m/n/12 Ad-dressed, Ver-sioned, P2P
 []


Underfull \hbox (badness 8189) in paragraph at lines 44--47
\OT1/cmr/m/it/12 arXiv:1407.3561\OT1/cmr/m/n/12 , (Draft 3),
 []


Underfull \hbox (badness 10000) in paragraph at lines 59--63
[]\OT1/cmr/m/n/12 P. Bid-dle, P. Eng-land,
 []


Underfull \hbox (badness 10000) in paragraph at lines 59--63
\OT1/cmr/m/it/12 Dig-i-tal Rights Man-age-ment
 []

File: ./logos/cc-attibution-noncommercial-sharealike-4-0-international-88x31.png Graphic file (type png)
<use ./logos/cc-attibution-noncommercial-sharealike-4-0-international-88x31.png>
Package pdftex.def Info: ./logos/cc-attibution-noncommercial-sharealike-4-0-international-88x31.png used on input line 107.
(pdftex.def)             Requested size: 64.61647pt x 22.76228pt.
 [46

]
Underfull \hbox (badness 10000) in paragraph at lines 109--112
[]\OT1/cmr/m/n/12 COLIN PER-CI-VAL.
 []


Underfull \hbox (badness 10000) in paragraph at lines 109--112
\OT1/cmr/m/n/12 TION VIA SE-QUEN-TIAL
 []


Underfull \hbox (badness 10000) in paragraph at lines 109--112
\OT1/cmr/m/n/12 MEMORY-HARD FUNC-
 []


Underfull \hbox (badness 10000) in paragraph at lines 122--127
\OT1/cmr/m/it/12 sein d'internet de com-mu-
 []


Underfull \hbox (badness 10000) in paragraph at lines 143--147
[]\OT1/cmr/m/n/12 DR. GAVIN WOOD.
 []


Underfull \hbox (badness 10000) in paragraph at lines 143--147
\OT1/cmr/m/n/12 ETHEREUM: A SE-CURE
 []


Underfull \hbox (badness 10000) in paragraph at lines 143--147
\OT1/cmr/m/n/12 DE-CEN-TRALISED GEN-
 []


Underfull \hbox (badness 10000) in paragraph at lines 143--147
\OT1/cmr/m/n/12 LEDGER HOME-STEAD
 []

File: ./logos/cc-attibution-noncommercial-sharealike-4-0-international-88x31.png Graphic file (type png)
<use ./logos/cc-attibution-noncommercial-sharealike-4-0-international-88x31.png>
Package pdftex.def Info: ./logos/cc-attibution-noncommercial-sharealike-4-0-international-88x31.png used on input line 194.
(pdftex.def)             Requested size: 64.61647pt x 22.76228pt.
 [47]
Underfull \hbox (badness 10000) in paragraph at lines 196--200
[]\OT1/cmr/m/n/12 M. Gabel, C. Brigham,
 []


Underfull \hbox (badness 5667) in paragraph at lines 196--200
\OT1/cmr/m/n/12 nam-i-cally evolv-ing cog-ni-tive
 []


Underfull \hbox (badness 10000) in paragraph at lines 196--200
\OT1/cmr/m/it/12 States Patent Ap-pli-ca-tion\OT1/cmr/m/n/12 ,
 []

File: ./logos/cc-attibution-noncommercial-sharealike-4-0-international-88x31.png Graphic file (type png)
<use ./logos/cc-attibution-noncommercial-sharealike-4-0-international-88x31.png>
Package pdftex.def Info: ./logos/cc-attibution-noncommercial-sharealike-4-0-international-88x31.png used on input line 301.
(pdftex.def)             Requested size: 64.61647pt x 22.76228pt.
 [48]
Underfull \hbox (badness 10000) in paragraph at lines 351--353
[]\OT1/cmr/m/n/12 OpenWebRTC.  Open-We-
 []

File: ./logos/cc-attibution-noncommercial-sharealike-4-0-international-88x31.png Graphic file (type png)
<use ./logos/cc-attibution-noncommercial-sharealike-4-0-international-88x31.png>
Package pdftex.def Info: ./logos/cc-attibution-noncommercial-sharealike-4-0-international-88x31.png used on input line 414.
(pdftex.def)             Requested size: 64.61647pt x 22.76228pt.
 [49]
Underfull \hbox (badness 10000) in paragraph at lines 454--456
[]\OT1/cmr/m/n/12 S. Uni-ver-sity.  Stan-ford
 []


Underfull \hbox (badness 10000) in paragraph at lines 454--456
\OT1/cmr/m/n/12 Javascript Crypto Li-brary,
 []


Underfull \hbox (badness 10000) in paragraph at lines 458--462
\OT1/cmr/m/n/12 Generation Smart Con-tract
 []

))
File: ./logos/cc-attibution-noncommercial-sharealike-4-0-international-88x31.png Graphic file (type png)
 <use ./logos/cc-attibution-noncommercial-sharealike-4-0-international-88x31.png>
Package pdftex.def Info: ./logos/cc-attibution-noncommercial-sharealike-4-0-international-88x31.png used on input line 114.
(pdftex.def)             Requested size: 64.61647pt x 22.76228pt.
 [50] (./annexes.tex (./annexes/state-of-art.tex (./state-of-art/existing-networks.tex
File: ./logos/cc-attibution-noncommercial-sharealike-4-0-international-88x31.png Graphic file (type png)
 <use ./logos/cc-attibution-noncommercial-sharealike-4-0-international-88x31.png>
Package pdftex.def Info: ./logos/cc-attibution-noncommercial-sharealike-4-0-international-88x31.png used on input line 25.
(pdftex.def)             Requested size: 64.61647pt x 22.76228pt.
 [51

]
File: ./logos/cc-attibution-noncommercial-sharealike-4-0-international-88x31.png Graphic file (type png)
 <use ./logos/cc-attibution-noncommercial-sharealike-4-0-international-88x31.png>
Package pdftex.def Info: ./logos/cc-attibution-noncommercial-sharealike-4-0-international-88x31.png used on input line 56.
(pdftex.def)             Requested size: 64.61647pt x 22.76228pt.
 [52]
File: ./logos/cc-attibution-noncommercial-sharealike-4-0-international-88x31.png Graphic file (type png)
 <use ./logos/cc-attibution-noncommercial-sharealike-4-0-international-88x31.png>
Package pdftex.def Info: ./logos/cc-attibution-noncommercial-sharealike-4-0-international-88x31.png used on input line 84.
(pdftex.def)             Requested size: 64.61647pt x 22.76228pt.
 [53]) (./state-of-art/transfer-protocols.tex
File: ./logos/cc-attibution-noncommercial-sharealike-4-0-international-88x31.png Graphic file (type png)
 <use ./logos/cc-attibution-noncommercial-sharealike-4-0-international-88x31.png>
Package pdftex.def Info: ./logos/cc-attibution-noncommercial-sharealike-4-0-international-88x31.png used on input line 41.
(pdftex.def)             Requested size: 64.61647pt x 22.76228pt.
 [54]) (./state-of-art/protections.tex) (./state-of-art/cryptography.tex
Overfull \hbox (10.2699pt too wide) in paragraph at lines 10--12
 []\OT1/cmr/bx/n/12 Stanford Javascript Crypto Library[[]][] \OT1/cmr/m/n/10 [[]] \  The Stan-ford Javascript Crypto
 []

File: ./logos/cc-attibution-noncommercial-sharealike-4-0-international-88x31.png Graphic file (type png)
<use ./logos/cc-attibution-noncommercial-sharealike-4-0-international-88x31.png>
Package pdftex.def Info: ./logos/cc-attibution-noncommercial-sharealike-4-0-international-88x31.png used on input line 25.
(pdftex.def)             Requested size: 64.61647pt x 22.76228pt.
 [55]) (./state-of-art/hardware.tex) (./state-of-art/blockchains.tex
File: ./logos/cc-attibution-noncommercial-sharealike-4-0-international-88x31.png Graphic file (type png)
 <use ./logos/cc-attibution-noncommercial-sharealike-4-0-international-88x31.png>
Package pdftex.def Info: ./logos/cc-attibution-noncommercial-sharealike-4-0-international-88x31.png used on input line 11.
(pdftex.def)             Requested size: 64.61647pt x 22.76228pt.
 [56]
File: ./logos/cc-attibution-noncommercial-sharealike-4-0-international-88x31.png Graphic file (type png)
 <use ./logos/cc-attibution-noncommercial-sharealike-4-0-international-88x31.png>
Package pdftex.def Info: ./logos/cc-attibution-noncommercial-sharealike-4-0-international-88x31.png used on input line 33.
(pdftex.def)             Requested size: 64.61647pt x 22.76228pt.
 [57]) (./state-of-art/decentralized-apps.tex) (./state-of-art/reputation-management.tex) (./state-of-art/os.tex) (./state-of-art/technologies.tex
File: ./logos/cc-attibution-noncommercial-sharealike-4-0-international-88x31.png Graphic file (type png)
 <use ./logos/cc-attibution-noncommercial-sharealike-4-0-international-88x31.png>
Package pdftex.def Info: ./logos/cc-attibution-noncommercial-sharealike-4-0-international-88x31.png used on input line 8.
(pdftex.def)             Requested size: 64.61647pt x 22.76228pt.
 [58]))
File: ./logos/cc-attibution-noncommercial-sharealike-4-0-international-88x31.png Graphic file (type png)
 <use ./logos/cc-attibution-noncommercial-sharealike-4-0-international-88x31.png>
Package pdftex.def Info: ./logos/cc-attibution-noncommercial-sharealike-4-0-international-88x31.png used on input line 15.
(pdftex.def)             Requested size: 64.61647pt x 22.76228pt.
 [59] (./annexes/architectures.tex <annexes/architecture/oc-architecture-latest.png, id=1275, 2655.9225pt x 1751.54375pt>
File: annexes/architecture/oc-architecture-latest.png Graphic file (type png)
 <use annexes/architecture/oc-architecture-latest.png>
Package pdftex.def Info: annexes/architecture/oc-architecture-latest.png used on input line 13.
(pdftex.def)             Requested size: 557.7602pt x 367.83504pt.
 <annexes/architecture/oc-architecture-ss-latest.png, id=1276, 2501.345pt x 1842.885pt>
File: annexes/architecture/oc-architecture-ss-latest.png Graphic file (type png)
 <use annexes/architecture/oc-architecture-ss-latest.png>
Package pdftex.def Info: annexes/architecture/oc-architecture-ss-latest.png used on input line 22.
(pdftex.def)             Requested size: 525.29796pt x 387.01727pt.
 <annexes/architecture/oc-storage-architecture-latest.png, id=1277, 975.645pt x 494.84875pt>
File: annexes/architecture/oc-storage-architecture-latest.png Graphic file (type png)
 <use annexes/architecture/oc-storage-architecture-latest.png>
Package pdftex.def Info: annexes/architecture/oc-storage-architecture-latest.png used on input line 31.
(pdftex.def)             Requested size: 487.8213pt x 247.42377pt.
 <annexes/architecture/oc-webgate-architecture-latest.png, id=1278, 1224.575pt x 703.62875pt>
File: annexes/architecture/oc-webgate-architecture-latest.png Graphic file (type png)
 <use annexes/architecture/oc-webgate-architecture-latest.png>
Package pdftex.def Info: annexes/architecture/oc-webgate-architecture-latest.png used on input line 40.
(pdftex.def)             Requested size: 551.05367pt x 316.63pt.
)
File: ./logos/cc-attibution-noncommercial-sharealike-4-0-international-88x31.png Graphic file (type png)
 <use ./logos/cc-attibution-noncommercial-sharealike-4-0-international-88x31.png>
Package pdftex.def Info: ./logos/cc-attibution-noncommercial-sharealike-4-0-international-88x31.png used on input line 21.
(pdftex.def)             Requested size: 64.61647pt x 22.76228pt.
 [60

 <./annexes/architecture/oc-architecture-latest.png>]
File: ./logos/cc-attibution-noncommercial-sharealike-4-0-international-88x31.png Graphic file (type png)
 <use ./logos/cc-attibution-noncommercial-sharealike-4-0-international-88x31.png>
Package pdftex.def Info: ./logos/cc-attibution-noncommercial-sharealike-4-0-international-88x31.png used on input line 21.
(pdftex.def)             Requested size: 64.61647pt x 22.76228pt.
 [61 <./annexes/architecture/oc-architecture-ss-latest.png>]
File: ./logos/cc-attibution-noncommercial-sharealike-4-0-international-88x31.png Graphic file (type png)
 <use ./logos/cc-attibution-noncommercial-sharealike-4-0-international-88x31.png>
Package pdftex.def Info: ./logos/cc-attibution-noncommercial-sharealike-4-0-international-88x31.png used on input line 21.
(pdftex.def)             Requested size: 64.61647pt x 22.76228pt.
 [62 <./annexes/architecture/oc-storage-architecture-latest.png>]
File: ./logos/cc-attibution-noncommercial-sharealike-4-0-international-88x31.png Graphic file (type png)
 <use ./logos/cc-attibution-noncommercial-sharealike-4-0-international-88x31.png>
Package pdftex.def Info: ./logos/cc-attibution-noncommercial-sharealike-4-0-international-88x31.png used on input line 21.
(pdftex.def)             Requested size: 64.61647pt x 22.76228pt.
 [63 <./annexes/architecture/oc-webgate-architecture-latest.png>] (./annexes/concepts.tex <annexes/concepts/oc-concept-data-reputation-points.png, id=1300, 710.8959pt x 496.0131pt>
File: annexes/concepts/oc-concept-data-reputation-points.png Graphic file (type png)
 <use annexes/concepts/oc-concept-data-reputation-points.png>
Package pdftex.def Info: annexes/concepts/oc-concept-data-reputation-points.png used on input line 13.
(pdftex.def)             Requested size: 497.62373pt x 347.2068pt.

<annexes/concepts/oc-concept-storage-1.png, id=1301, 525.162pt x 483.7272pt>
File: annexes/concepts/oc-concept-storage-1.png Graphic file (type png)
 <use annexes/concepts/oc-concept-storage-1.png>
Package pdftex.def Info: annexes/concepts/oc-concept-storage-1.png used on input line 22.
(pdftex.def)             Requested size: 525.16072pt x 483.72601pt.
 <annexes/concepts/oc-concept-storage-2.png, id=1302, 211.0284pt x 561.7788pt>
File: annexes/concepts/oc-concept-storage-2.png Graphic file (type png)
 <use annexes/concepts/oc-concept-storage-2.png>
Package pdftex.def Info: annexes/concepts/oc-concept-storage-2.png used on input line 31.
(pdftex.def)             Requested size: 189.9238pt x 505.59624pt.
 <annexes/concepts/oc-concept-storage-3.png, id=1303, 329.3103pt x 416.757pt>
File: annexes/concepts/oc-concept-storage-3.png Graphic file (type png)
 <use annexes/concepts/oc-concept-storage-3.png>
Package pdftex.def Info: annexes/concepts/oc-concept-storage-3.png used on input line 40.
(pdftex.def)             Requested size: 329.30948pt x 416.75598pt.
 <annexes/concepts/oc-concept-storage-4.png, id=1304, 432.6564pt x 140.4447pt>
File: annexes/concepts/oc-concept-storage-4.png Graphic file (type png)
 <use annexes/concepts/oc-concept-storage-4.png>
Package pdftex.def Info: annexes/concepts/oc-concept-storage-4.png used on input line 49.
(pdftex.def)             Requested size: 432.65535pt x 140.44435pt.
 <annexes/concepts/oc-concept-webgate-ui.png, id=1305, 668.7384pt x 552.8655pt>
File: annexes/concepts/oc-concept-webgate-ui.png Graphic file (type png)
 <use annexes/concepts/oc-concept-webgate-ui.png>
Package pdftex.def Info: annexes/concepts/oc-concept-webgate-ui.png used on input line 58.
(pdftex.def)             Requested size: 534.99146pt x 442.29298pt.
 <annexes/concepts/oc-trust-brainstorming.png, id=1306, 844.5954pt x 556.7199pt>
File: annexes/concepts/oc-trust-brainstorming.png Graphic file (type png)
 <use annexes/concepts/oc-trust-brainstorming.png>
Package pdftex.def Info: annexes/concepts/oc-trust-brainstorming.png used on input line 67.
(pdftex.def)             Requested size: 506.76115pt x 334.0345pt.
 <annexes/concepts/oc-brainstorm-dynamic-web.png, id=1307, 597.432pt x 391.2216pt>
File: annexes/concepts/oc-brainstorm-dynamic-web.png Graphic file (type png)
 <use annexes/concepts/oc-brainstorm-dynamic-web.png>
Package pdftex.def Info: annexes/concepts/oc-brainstorm-dynamic-web.png used on input line 76.
(pdftex.def)             Requested size: 477.94624pt x 312.9777pt.
 <annexes/concepts/oc-brainstorm-webgate.png, id=1308, 793.5246pt x 508.299pt>
File: annexes/concepts/oc-brainstorm-webgate.png Graphic file (type png)
 <use annexes/concepts/oc-brainstorm-webgate.png>
Package pdftex.def Info: annexes/concepts/oc-brainstorm-webgate.png used on input line 85.
(pdftex.def)             Requested size: 476.11844pt x 304.98174pt.
 <annexes/concepts/oc-concept-data-tribunal.png, id=1309, 551.9019pt x 553.1064pt>
File: annexes/concepts/oc-concept-data-tribunal.png Graphic file (type png)
 <use annexes/concepts/oc-concept-data-tribunal.png>
Package pdftex.def Info: annexes/concepts/oc-concept-data-tribunal.png used on input line 94.
(pdftex.def)             Requested size: 441.52213pt x 442.48572pt.
 <annexes/concepts/oc-concept-identity-vs-background.png, id=1310, 675.0018pt x 235.1184pt>
File: annexes/concepts/oc-concept-identity-vs-background.png Graphic file (type png)
 <use annexes/concepts/oc-concept-identity-vs-background.png>
Package pdftex.def Info: annexes/concepts/oc-concept-identity-vs-background.png used on input line 103.
(pdftex.def)             Requested size: 540.00218pt x 188.09496pt.
 <annexes/concepts/oc-concept-key-content-management.png, id=1311, 735.9495pt x 488.0634pt>
File: annexes/concepts/oc-concept-key-content-management.png Graphic file (type png)
 <use annexes/concepts/oc-concept-key-content-management.png>
Package pdftex.def Info: annexes/concepts/oc-concept-key-content-management.png used on input line 112.
(pdftex.def)             Requested size: 515.16113pt x 341.64204pt.
 <annexes/concepts/oc-concept-split1.png, id=1312, 631.8807pt x 247.4043pt>
File: annexes/concepts/oc-concept-split1.png Graphic file (type png)
 <use annexes/concepts/oc-concept-split1.png>
Package pdftex.def Info: annexes/concepts/oc-concept-split1.png used on input line 121.
(pdftex.def)             Requested size: 505.50525pt x 197.92369pt.
 <annexes/concepts/oc-concept-split2.png, id=1313, 750.8853pt x 223.3143pt>
File: annexes/concepts/oc-concept-split2.png Graphic file (type png)
 <use annexes/concepts/oc-concept-split2.png>
Package pdftex.def Info: annexes/concepts/oc-concept-split2.png used on input line 130.
(pdftex.def)             Requested size: 525.61613pt x 156.31892pt.
)
File: ./logos/cc-attibution-noncommercial-sharealike-4-0-international-88x31.png Graphic file (type png)
 <use ./logos/cc-attibution-noncommercial-sharealike-4-0-international-88x31.png>
Package pdftex.def Info: ./logos/cc-attibution-noncommercial-sharealike-4-0-international-88x31.png used on input line 27.
(pdftex.def)             Requested size: 64.61647pt x 22.76228pt.
 [64

 <./annexes/concepts/oc-concept-data-reputation-points.png>]
File: ./logos/cc-attibution-noncommercial-sharealike-4-0-international-88x31.png Graphic file (type png)
 <use ./logos/cc-attibution-noncommercial-sharealike-4-0-international-88x31.png>
Package pdftex.def Info: ./logos/cc-attibution-noncommercial-sharealike-4-0-international-88x31.png used on input line 27.
(pdftex.def)             Requested size: 64.61647pt x 22.76228pt.
 [65 <./annexes/concepts/oc-concept-storage-1.png>]
File: ./logos/cc-attibution-noncommercial-sharealike-4-0-international-88x31.png Graphic file (type png)

<use ./logos/cc-attibution-noncommercial-sharealike-4-0-international-88x31.png>
Package pdftex.def Info: ./logos/cc-attibution-noncommercial-sharealike-4-0-international-88x31.png used on input line 27.
(pdftex.def)             Requested size: 64.61647pt x 22.76228pt.
 [66 <./annexes/concepts/oc-concept-storage-2.png>]
File: ./logos/cc-attibution-noncommercial-sharealike-4-0-international-88x31.png Graphic file (type png)
 <use ./logos/cc-attibution-noncommercial-sharealike-4-0-international-88x31.png>
Package pdftex.def Info: ./logos/cc-attibution-noncommercial-sharealike-4-0-international-88x31.png used on input line 27.
(pdftex.def)             Requested size: 64.61647pt x 22.76228pt.
 [67 <./annexes/concepts/oc-concept-storage-3.png>]
File: ./logos/cc-attibution-noncommercial-sharealike-4-0-international-88x31.png Graphic file (type png)
 <use ./logos/cc-attibution-noncommercial-sharealike-4-0-international-88x31.png>
Package pdftex.def Info: ./logos/cc-attibution-noncommercial-sharealike-4-0-international-88x31.png used on input line 27.
(pdftex.def)             Requested size: 64.61647pt x 22.76228pt.
 [68 <./annexes/concepts/oc-concept-storage-4.png>]
File: ./logos/cc-attibution-noncommercial-sharealike-4-0-international-88x31.png Graphic file (type png)
 <use ./logos/cc-attibution-noncommercial-sharealike-4-0-international-88x31.png>
Package pdftex.def Info: ./logos/cc-attibution-noncommercial-sharealike-4-0-international-88x31.png used on input line 27.
(pdftex.def)             Requested size: 64.61647pt x 22.76228pt.
 [69 <./annexes/concepts/oc-concept-webgate-ui.png>]
File: ./logos/cc-attibution-noncommercial-sharealike-4-0-international-88x31.png Graphic file (type png)
 <use ./logos/cc-attibution-noncommercial-sharealike-4-0-international-88x31.png>
Package pdftex.def Info: ./logos/cc-attibution-noncommercial-sharealike-4-0-international-88x31.png used on input line 27.
(pdftex.def)             Requested size: 64.61647pt x 22.76228pt.
 [70 <./annexes/concepts/oc-trust-brainstorming.png>]
File: ./logos/cc-attibution-noncommercial-sharealike-4-0-international-88x31.png Graphic file (type png)
 <use ./logos/cc-attibution-noncommercial-sharealike-4-0-international-88x31.png>
Package pdftex.def Info: ./logos/cc-attibution-noncommercial-sharealike-4-0-international-88x31.png used on input line 27.
(pdftex.def)             Requested size: 64.61647pt x 22.76228pt.
 [71 <./annexes/concepts/oc-brainstorm-dynamic-web.png>]
File: ./logos/cc-attibution-noncommercial-sharealike-4-0-international-88x31.png Graphic file (type png)
 <use ./logos/cc-attibution-noncommercial-sharealike-4-0-international-88x31.png>
Package pdftex.def Info: ./logos/cc-attibution-noncommercial-sharealike-4-0-international-88x31.png used on input line 27.
(pdftex.def)             Requested size: 64.61647pt x 22.76228pt.
 [72 <./annexes/concepts/oc-brainstorm-webgate.png>]
File: ./logos/cc-attibution-noncommercial-sharealike-4-0-international-88x31.png Graphic file (type png)
 <use ./logos/cc-attibution-noncommercial-sharealike-4-0-international-88x31.png>
Package pdftex.def Info: ./logos/cc-attibution-noncommercial-sharealike-4-0-international-88x31.png used on input line 27.
(pdftex.def)             Requested size: 64.61647pt x 22.76228pt.
 [73 <./annexes/concepts/oc-concept-data-tribunal.png>]
File: ./logos/cc-attibution-noncommercial-sharealike-4-0-international-88x31.png Graphic file (type png)
 <use ./logos/cc-attibution-noncommercial-sharealike-4-0-international-88x31.png>
Package pdftex.def Info: ./logos/cc-attibution-noncommercial-sharealike-4-0-international-88x31.png used on input line 27.
(pdftex.def)             Requested size: 64.61647pt x 22.76228pt.
 [74 <./annexes/concepts/oc-concept-identity-vs-background.png>]
File: ./logos/cc-attibution-noncommercial-sharealike-4-0-international-88x31.png Graphic file (type png)
 <use ./logos/cc-attibution-noncommercial-sharealike-4-0-international-88x31.png>
Package pdftex.def Info: ./logos/cc-attibution-noncommercial-sharealike-4-0-international-88x31.png used on input line 27.
(pdftex.def)             Requested size: 64.61647pt x 22.76228pt.
 [75 <./annexes/concepts/oc-concept-key-content-management.png>]
File: ./logos/cc-attibution-noncommercial-sharealike-4-0-international-88x31.png Graphic file (type png)
 <use ./logos/cc-attibution-noncommercial-sharealike-4-0-international-88x31.png>
Package pdftex.def Info: ./logos/cc-attibution-noncommercial-sharealike-4-0-international-88x31.png used on input line 27.
(pdftex.def)             Requested size: 64.61647pt x 22.76228pt.
 [76 <./annexes/concepts/oc-concept-split1.png> <./annexes/concepts/oc-concept-split2.png>] (./annexes/schemes.tex <annexes/schemes/stun-scheme.jpg, id=1387, 7041.30624pt x 4978.6pt>
File: annexes/schemes/stun-scheme.jpg Graphic file (type jpg)
 <use annexes/schemes/stun-scheme.jpg>
Package pdftex.def Info: annexes/schemes/stun-scheme.jpg used on input line 13.
(pdftex.def)             Requested size: 528.0752pt x 373.37889pt.
 <annexes/schemes/tor-scheme.jpg, id=1388, 7041.30624pt x 4978.6pt>
File: annexes/schemes/tor-scheme.jpg Graphic file (type jpg)
 <use annexes/schemes/tor-scheme.jpg>
Package pdftex.def Info: annexes/schemes/tor-scheme.jpg used on input line 22.
(pdftex.def)             Requested size: 528.0752pt x 373.37889pt.
 <annexes/concepts/oc-concept-draft-global-view-idea.jpg, id=1389, 2655.9225pt x 2031.59pt>
File: annexes/concepts/oc-concept-draft-global-view-idea.jpg Graphic file (type jpg)
 <use annexes/concepts/oc-concept-draft-global-view-idea.jpg>
Package pdftex.def Info: annexes/concepts/oc-concept-draft-global-view-idea.jpg used on input line 31.
(pdftex.def)             Requested size: 584.30476pt x 446.95119pt.
 <annexes/concepts/oc-concept-draft-global-view-idea-2-node-ss.jpeg, id=1390, 738.3585pt x 536.2434pt>
File: annexes/concepts/oc-concept-draft-global-view-idea-2-node-ss.jpeg Graphic file (type jpg)

<use annexes/concepts/oc-concept-draft-global-view-idea-2-node-ss.jpeg>
Package pdftex.def Info: annexes/concepts/oc-concept-draft-global-view-idea-2-node-ss.jpeg used on input line 40.
(pdftex.def)             Requested size: 516.84743pt x 375.36781pt.
 <annexes/concepts/oc-concept-draft-global-view-idea-2-ss.jpeg, id=1391, 771.1209pt x 535.2798pt>
File: annexes/concepts/oc-concept-draft-global-view-idea-2-ss.jpeg Graphic file (type jpg)
 <use annexes/concepts/oc-concept-draft-global-view-idea-2-ss.jpeg>
Package pdftex.def Info: annexes/concepts/oc-concept-draft-global-view-idea-2-ss.jpeg used on input line 50.
(pdftex.def)             Requested size: 539.78094pt x 374.6933pt.
 <annexes/schemes/signaling-advanced.jpg, id=1392, 7041.30624pt x 4978.6pt>
File: annexes/schemes/signaling-advanced.jpg Graphic file (type jpg)
 <use annexes/schemes/signaling-advanced.jpg>
Package pdftex.def Info: annexes/schemes/signaling-advanced.jpg used on input line 59.
(pdftex.def)             Requested size: 704.17189pt x 497.88918pt.
File: annexes/schemes/stun-scheme.jpg Graphic file (type jpg)
 <use annexes/schemes/stun-scheme.jpg>
Package pdftex.def Info: annexes/schemes/stun-scheme.jpg used on input line 68.
(pdftex.def)             Requested size: 704.17189pt x 497.88918pt.
)
File: ./logos/cc-attibution-noncommercial-sharealike-4-0-international-88x31.png Graphic file (type png)
 <use ./logos/cc-attibution-noncommercial-sharealike-4-0-international-88x31.png>
Package pdftex.def Info: ./logos/cc-attibution-noncommercial-sharealike-4-0-international-88x31.png used on input line 33.
(pdftex.def)             Requested size: 64.61647pt x 22.76228pt.
 [77

 <./annexes/schemes/stun-scheme.jpg>]
File: ./logos/cc-attibution-noncommercial-sharealike-4-0-international-88x31.png Graphic file (type png)
 <use ./logos/cc-attibution-noncommercial-sharealike-4-0-international-88x31.png>
Package pdftex.def Info: ./logos/cc-attibution-noncommercial-sharealike-4-0-international-88x31.png used on input line 33.
(pdftex.def)             Requested size: 64.61647pt x 22.76228pt.
 [78 <./annexes/schemes/tor-scheme.jpg>]
File: ./logos/cc-attibution-noncommercial-sharealike-4-0-international-88x31.png Graphic file (type png)
 <use ./logos/cc-attibution-noncommercial-sharealike-4-0-international-88x31.png>
Package pdftex.def Info: ./logos/cc-attibution-noncommercial-sharealike-4-0-international-88x31.png used on input line 33.
(pdftex.def)             Requested size: 64.61647pt x 22.76228pt.
 [79 <./annexes/concepts/oc-concept-draft-global-view-idea.jpg>]
File: ./logos/cc-attibution-noncommercial-sharealike-4-0-international-88x31.png Graphic file (type png)
 <use ./logos/cc-attibution-noncommercial-sharealike-4-0-international-88x31.png>
Package pdftex.def Info: ./logos/cc-attibution-noncommercial-sharealike-4-0-international-88x31.png used on input line 33.
(pdftex.def)             Requested size: 64.61647pt x 22.76228pt.
 [80 <./annexes/concepts/oc-concept-draft-global-view-idea-2-node-ss.jpeg>]
File: ./logos/cc-attibution-noncommercial-sharealike-4-0-international-88x31.png Graphic file (type png)
 <use ./logos/cc-attibution-noncommercial-sharealike-4-0-international-88x31.png>
Package pdftex.def Info: ./logos/cc-attibution-noncommercial-sharealike-4-0-international-88x31.png used on input line 33.
(pdftex.def)             Requested size: 64.61647pt x 22.76228pt.
 [81 <./annexes/concepts/oc-concept-draft-global-view-idea-2-ss.jpeg>]
File: ./logos/cc-attibution-noncommercial-sharealike-4-0-international-88x31.png Graphic file (type png)
 <use ./logos/cc-attibution-noncommercial-sharealike-4-0-international-88x31.png>
Package pdftex.def Info: ./logos/cc-attibution-noncommercial-sharealike-4-0-international-88x31.png used on input line 33.
(pdftex.def)             Requested size: 64.61647pt x 22.76228pt.
 [82 <./annexes/schemes/signaling-advanced.jpg>]
File: ./logos/cc-attibution-noncommercial-sharealike-4-0-international-88x31.png Graphic file (type png)
 <use ./logos/cc-attibution-noncommercial-sharealike-4-0-international-88x31.png>
Package pdftex.def Info: ./logos/cc-attibution-noncommercial-sharealike-4-0-international-88x31.png used on input line 33.
(pdftex.def)             Requested size: 64.61647pt x 22.76228pt.
 [83] (./annexes/screenshots.tex <annexes/screenshots/oc-webgate-screenshot-main.png, id=1426, 1172.38pt x 970.62625pt>
File: annexes/screenshots/oc-webgate-screenshot-main.png Graphic file (type png)
 <use annexes/screenshots/oc-webgate-screenshot-main.png>
Package pdftex.def Info: annexes/screenshots/oc-webgate-screenshot-main.png used on input line 13.
(pdftex.def)             Requested size: 480.67891pt x 397.95934pt.
 <annexes/screenshots/oc-webgate-screenshot-advanced.png, id=1427, 1138.2525pt x 591.20876pt>
File: annexes/screenshots/oc-webgate-screenshot-advanced.png Graphic file (type png)
 <use annexes/screenshots/oc-webgate-screenshot-advanced.png>
Package pdftex.def Info: annexes/screenshots/oc-webgate-screenshot-advanced.png used on input line 22.
(pdftex.def)             Requested size: 466.68655pt x 242.39716pt.
 <annexes/screenshots/oc-webgate-screenshot-advanced-detailed.png, id=1428, 1141.26375pt x 673.51625pt>
File: annexes/screenshots/oc-webgate-screenshot-advanced-detailed.png Graphic file (type png)
 <use annexes/screenshots/oc-webgate-screenshot-advanced-detailed.png>
Package pdftex.def Info: annexes/screenshots/oc-webgate-screenshot-advanced-detailed.png used on input line 31.
(pdftex.def)             Requested size: 467.92117pt x 276.14345pt.
)
File: ./logos/cc-attibution-noncommercial-sharealike-4-0-international-88x31.png Graphic file (type png)
 <use ./logos/cc-attibution-noncommercial-sharealike-4-0-international-88x31.png>
Package pdftex.def Info: ./logos/cc-attibution-noncommercial-sharealike-4-0-international-88x31.png used on input line 39.
(pdftex.def)             Requested size: 64.61647pt x 22.76228pt.
 [84

 <./annexes/screenshots/oc-webgate-screenshot-main.png>]
File: ./logos/cc-attibution-noncommercial-sharealike-4-0-international-88x31.png Graphic file (type png)
 <use ./logos/cc-attibution-noncommercial-sharealike-4-0-international-88x31.png>
Package pdftex.def Info: ./logos/cc-attibution-noncommercial-sharealike-4-0-international-88x31.png used on input line 39.
(pdftex.def)             Requested size: 64.61647pt x 22.76228pt.
 [85 <./annexes/screenshots/oc-webgate-screenshot-advanced.png>]
File: ./logos/cc-attibution-noncommercial-sharealike-4-0-international-88x31.png Graphic file (type png)
 <use ./logos/cc-attibution-noncommercial-sharealike-4-0-international-88x31.png>
Package pdftex.def Info: ./logos/cc-attibution-noncommercial-sharealike-4-0-international-88x31.png used on input line 39.
(pdftex.def)             Requested size: 64.61647pt x 22.76228pt.
 [86 <./annexes/screenshots/oc-webgate-screenshot-advanced-detailed.png>] (./annexes/graphs.tex <./annexes/graphs/hash-sha1.png, id=1448, 602.25pt x 401.5pt>
File: ./annexes/graphs/hash-sha1.png Graphic file (type png)
 <use ./annexes/graphs/hash-sha1.png>
Package pdftex.def Info: ./annexes/graphs/hash-sha1.png used on input line 15.
(pdftex.def)             Requested size: 361.35278pt x 240.90184pt.
 <./annexes/graphs/hash-ops-sha1.png, id=1449, 602.25pt x 401.5pt>
File: ./annexes/graphs/hash-ops-sha1.png Graphic file (type png)
 <use ./annexes/graphs/hash-ops-sha1.png>
Package pdftex.def Info: ./annexes/graphs/hash-ops-sha1.png used on input line 22.
(pdftex.def)             Requested size: 361.35278pt x 240.90184pt.
 <./annexes/graphs/hash-sha256.png, id=1450, 602.25pt x 401.5pt>
File: ./annexes/graphs/hash-sha256.png Graphic file (type png)
 <use ./annexes/graphs/hash-sha256.png>
Package pdftex.def Info: ./annexes/graphs/hash-sha256.png used on input line 29.
(pdftex.def)             Requested size: 361.35278pt x 240.90184pt.
 <./annexes/graphs/hash-ops-sha256.png, id=1451, 602.25pt x 401.5pt>
File: ./annexes/graphs/hash-ops-sha256.png Graphic file (type png)
 <use ./annexes/graphs/hash-ops-sha256.png>
Package pdftex.def Info: ./annexes/graphs/hash-ops-sha256.png used on input line 36.
(pdftex.def)             Requested size: 361.35278pt x 240.90184pt.
 <./annexes/graphs/pbkdf2-sha1.png, id=1452, 602.25pt x 401.5pt>
File: ./annexes/graphs/pbkdf2-sha1.png Graphic file (type png)
 <use ./annexes/graphs/pbkdf2-sha1.png>
Package pdftex.def Info: ./annexes/graphs/pbkdf2-sha1.png used on input line 43.
(pdftex.def)             Requested size: 361.35278pt x 240.90184pt.
 <./annexes/graphs/pbkdf2-ops-sha1.png, id=1453, 602.25pt x 401.5pt>
File: ./annexes/graphs/pbkdf2-ops-sha1.png Graphic file (type png)
 <use ./annexes/graphs/pbkdf2-ops-sha1.png>
Package pdftex.def Info: ./annexes/graphs/pbkdf2-ops-sha1.png used on input line 50.
(pdftex.def)             Requested size: 361.35278pt x 240.90184pt.
 <./annexes/graphs/pbkdf2-sha256.png, id=1454, 602.25pt x 401.5pt>
File: ./annexes/graphs/pbkdf2-sha256.png Graphic file (type png)
 <use ./annexes/graphs/pbkdf2-sha256.png>
Package pdftex.def Info: ./annexes/graphs/pbkdf2-sha256.png used on input line 57.
(pdftex.def)             Requested size: 361.35278pt x 240.90184pt.
 <./annexes/graphs/pbkdf2-ops-sha256.png, id=1455, 602.25pt x 401.5pt>
File: ./annexes/graphs/pbkdf2-ops-sha256.png Graphic file (type png)
 <use ./annexes/graphs/pbkdf2-ops-sha256.png>
Package pdftex.def Info: ./annexes/graphs/pbkdf2-ops-sha256.png used on input line 64.
(pdftex.def)             Requested size: 361.35278pt x 240.90184pt.
 <./annexes/graphs/small-hash-sha1.png, id=1456, 602.25pt x 401.5pt>
File: ./annexes/graphs/small-hash-sha1.png Graphic file (type png)
 <use ./annexes/graphs/small-hash-sha1.png>
Package pdftex.def Info: ./annexes/graphs/small-hash-sha1.png used on input line 71.
(pdftex.def)             Requested size: 361.35278pt x 240.90184pt.
 <./annexes/graphs/small-hash-sha256.png, id=1457, 602.25pt x 401.5pt>
File: ./annexes/graphs/small-hash-sha256.png Graphic file (type png)
 <use ./annexes/graphs/small-hash-sha256.png>
Package pdftex.def Info: ./annexes/graphs/small-hash-sha256.png used on input line 78.
(pdftex.def)             Requested size: 361.35278pt x 240.90184pt.
 <annexes/graphs/hash-ops-best.png, id=1458, 602.25pt x 401.5pt>
File: annexes/graphs/hash-ops-best.png Graphic file (type png)
 <use annexes/graphs/hash-ops-best.png>
Package pdftex.def Info: annexes/graphs/hash-ops-best.png used on input line 85.
(pdftex.def)             Requested size: 361.35278pt x 240.90184pt.
 <annexes/graphs/blake2-sandy.png, id=1459, 1606.0pt x 803.0pt>
File: annexes/graphs/blake2-sandy.png Graphic file (type png)
 <use annexes/graphs/blake2-sandy.png>
Package pdftex.def Info: annexes/graphs/blake2-sandy.png used on input line 92.
(pdftex.def)             Requested size: 481.80373pt x 240.90186pt.

Overfull \hbox (91.80373pt too wide) in paragraph at lines 92--93
 [][] 
 []

)
File: ./logos/cc-attibution-noncommercial-sharealike-4-0-international-88x31.png Graphic file (type png)
 <use ./logos/cc-attibution-noncommercial-sharealike-4-0-international-88x31.png>
Package pdftex.def Info: ./logos/cc-attibution-noncommercial-sharealike-4-0-international-88x31.png used on input line 45.
(pdftex.def)             Requested size: 64.61647pt x 22.76228pt.
 [87

 <./annexes/graphs/hash-sha1.png>]
File: ./logos/cc-attibution-noncommercial-sharealike-4-0-international-88x31.png Graphic file (type png)
 <use ./logos/cc-attibution-noncommercial-sharealike-4-0-international-88x31.png>
Package pdftex.def Info: ./logos/cc-attibution-noncommercial-sharealike-4-0-international-88x31.png used on input line 45.
(pdftex.def)             Requested size: 64.61647pt x 22.76228pt.
 [88 <./annexes/graphs/hash-ops-sha1.png> <./annexes/graphs/hash-sha256.png>]
File: ./logos/cc-attibution-noncommercial-sharealike-4-0-international-88x31.png Graphic file (type png)
 <use ./logos/cc-attibution-noncommercial-sharealike-4-0-international-88x31.png>
Package pdftex.def Info: ./logos/cc-attibution-noncommercial-sharealike-4-0-international-88x31.png used on input line 45.
(pdftex.def)             Requested size: 64.61647pt x 22.76228pt.
 [89 <./annexes/graphs/hash-ops-sha256.png> <./annexes/graphs/pbkdf2-sha1.png>]
File: ./logos/cc-attibution-noncommercial-sharealike-4-0-international-88x31.png Graphic file (type png)
 <use ./logos/cc-attibution-noncommercial-sharealike-4-0-international-88x31.png>
Package pdftex.def Info: ./logos/cc-attibution-noncommercial-sharealike-4-0-international-88x31.png used on input line 45.
(pdftex.def)             Requested size: 64.61647pt x 22.76228pt.
 [90 <./annexes/graphs/pbkdf2-ops-sha1.png> <./annexes/graphs/pbkdf2-sha256.png>]
File: ./logos/cc-attibution-noncommercial-sharealike-4-0-international-88x31.png Graphic file (type png)
 <use ./logos/cc-attibution-noncommercial-sharealike-4-0-international-88x31.png>
Package pdftex.def Info: ./logos/cc-attibution-noncommercial-sharealike-4-0-international-88x31.png used on input line 45.
(pdftex.def)             Requested size: 64.61647pt x 22.76228pt.
 [91 <./annexes/graphs/pbkdf2-ops-sha256.png> <./annexes/graphs/small-hash-sha1.png>]
File: ./logos/cc-attibution-noncommercial-sharealike-4-0-international-88x31.png Graphic file (type png)
 <use ./logos/cc-attibution-noncommercial-sharealike-4-0-international-88x31.png>
Package pdftex.def Info: ./logos/cc-attibution-noncommercial-sharealike-4-0-international-88x31.png used on input line 45.
(pdftex.def)             Requested size: 64.61647pt x 22.76228pt.
 [92 <./annexes/graphs/small-hash-sha256.png> <./annexes/graphs/hash-ops-best.png>]
File: ./logos/cc-attibution-noncommercial-sharealike-4-0-international-88x31.png Graphic file (type png)
 <use ./logos/cc-attibution-noncommercial-sharealike-4-0-international-88x31.png>
Package pdftex.def Info: ./logos/cc-attibution-noncommercial-sharealike-4-0-international-88x31.png used on input line 45.
(pdftex.def)             Requested size: 64.61647pt x 22.76228pt.
 [93 <./annexes/graphs/blake2-sandy.png (PNG copy)>] (./annexes/tables.tex
LaTeX Font Info:    Font shape `OMS/cmr/m/n' in size <10> not available
(Font)              Font shape `OMS/cmsy/m/n' tried instead on input line 14.
)
File: ./logos/cc-attibution-noncommercial-sharealike-4-0-international-88x31.png Graphic file (type png)
 <use ./logos/cc-attibution-noncommercial-sharealike-4-0-international-88x31.png>
Package pdftex.def Info: ./logos/cc-attibution-noncommercial-sharealike-4-0-international-88x31.png used on input line 51.
(pdftex.def)             Requested size: 64.61647pt x 22.76228pt.
 [94

]
File: ./logos/cc-attibution-noncommercial-sharealike-4-0-international-88x31.png Graphic file (type png)
 <use ./logos/cc-attibution-noncommercial-sharealike-4-0-international-88x31.png>
Package pdftex.def Info: ./logos/cc-attibution-noncommercial-sharealike-4-0-international-88x31.png used on input line 51.
(pdftex.def)             Requested size: 64.61647pt x 22.76228pt.
 [95])
Package atveryend Info: Empty hook `BeforeClearDocument' on input line 125.
Package atveryend Info: Empty hook `AfterLastShipout' on input line 125.
 (/Users/TimeTraveler/CloneWars/OverClouds/report-bs/16dlm-tb210-overclouds/.texpadtmp/main.aux)
Package atveryend Info: Executing hook `AtVeryEndDocument' on input line 125.
Package atveryend Info: Executing hook `AtEndAfterFileList' on input line 125.
Package rerunfilecheck Info: File `main.out' has not changed.
(rerunfilecheck)             Checksum: <no file>.


LaTeX Warning: There were multiply-defined labels.

 ) 
Here is how much of TeX's memory you used:
 20854 strings out of 493089
 379242 string characters out of 6134841
 452868 words of memory out of 5000000
 23284 multiletter control sequences out of 15000+600000
 12555 words of font info for 44 fonts, out of 8000000 for 9000
 1141 hyphenation exceptions out of 8191
 62i,15n,57p,1739b,623s stack positions out of 5000i,500n,10000p,200000b,80000s
</usr/local/texlive/2015/texmf-dist/fonts/type1/public/amsfonts/cm/cmbx10.pfb></usr/local/texlive/2015/texmf-dist/fonts/type1/public/amsfonts/cm/cmbx12.pfb></usr/local/texlive/2015/texmf-dist/fonts/type1/public/amsfonts/cm/cmcsc10.pfb></usr/local/texlive/2015/texmf-dist/fonts/type1/public/amsfonts/cm/cmr10.pfb></usr/local/texlive/2015/texmf-dist/fonts/type1/public/amsfonts/cm/cmr12.pfb></usr/local/texlive/2015/texmf-dist/fonts/type1/public/amsfonts/cm/cmr8.pfb></usr/local/texlive/2015/texmf-dist/fonts/type1/public/amsfonts/cm/cmsl10.pfb></usr/local/texlive/2015/texmf-dist/fonts/type1/public/amsfonts/cm/cmsy10.pfb></usr/local/texlive/2015/texmf-dist/fonts/type1/public/amsfonts/cm/cmti10.pfb></usr/local/texlive/2015/texmf-dist/fonts/type1/public/amsfonts/cm/cmti12.pfb></usr/local/texlive/2015/texmf-dist/fonts/type1/public/amsfonts/cm/cmtt12.pfb>
Output written on /Users/TimeTraveler/CloneWars/OverClouds/report-bs/16dlm-tb210-overclouds/.texpadtmp/main.pdf (98 pages, 31665665 bytes).
PDF statistics:
 1678 PDF objects out of 1728 (max. 8388607)
 1470 compressed objects within 15 object streams
 509 named destinations out of 1000 (max. 500000)
 876 words of extra memory for PDF output out of 10000 (max. 10000000)

